{"level":"info","message":"MongoDB connected","service":"unknown","timestamp":"2026-01-12T09:33:50.128Z"}
{"level":"info","message":"Redis connected successfully","service":"unknown","timestamp":"2026-01-12T09:33:50.162Z"}
{"command":{"args":[],"name":"info"},"level":"error","message":"Redis error: NOAUTH Authentication required","service":"unknown","stack":"ReplyError: NOAUTH Authentication required\n    at parseError (/home/neosoft/Documents/ecommerce-microservices/product-service/node_modules/redis-parser/lib/parser.js:179:12)\n    at parseType (/home/neosoft/Documents/ecommerce-microservices/product-service/node_modules/redis-parser/lib/parser.js:302:14)","timestamp":"2026-01-12T09:33:50.191Z"}
{"command":{"args":[],"name":"info"},"level":"error","message":"Redis connection failed: NOAUTH Authentication required","service":"unknown","stack":"ReplyError: NOAUTH Authentication required\n    at parseError (/home/neosoft/Documents/ecommerce-microservices/product-service/node_modules/redis-parser/lib/parser.js:179:12)\n    at parseType (/home/neosoft/Documents/ecommerce-microservices/product-service/node_modules/redis-parser/lib/parser.js:302:14)","timestamp":"2026-01-12T09:33:50.193Z"}
{"level":"info","message":"Product Service listening on port 4002","service":"unknown","timestamp":"2026-01-12T09:33:50.197Z"}
{"level":"warn","message":"Redis connection closed","service":"unknown","timestamp":"2026-01-12T09:33:50.204Z"}
{"level":"info","message":"Redis connected successfully","service":"unknown","timestamp":"2026-01-12T09:33:50.296Z"}
{"command":{"args":[],"name":"info"},"level":"error","message":"Redis error: NOAUTH Authentication required","service":"unknown","stack":"ReplyError: NOAUTH Authentication required\n    at parseError (/home/neosoft/Documents/ecommerce-microservices/product-service/node_modules/redis-parser/lib/parser.js:179:12)\n    at parseType (/home/neosoft/Documents/ecommerce-microservices/product-service/node_modules/redis-parser/lib/parser.js:302:14)","timestamp":"2026-01-12T09:33:50.351Z"}
{"level":"warn","message":"Redis connection closed","service":"unknown","timestamp":"2026-01-12T09:33:50.378Z"}
{"level":"info","message":"Redis connected successfully","service":"unknown","timestamp":"2026-01-12T09:33:50.493Z"}
{"command":{"args":[],"name":"info"},"level":"error","message":"Redis error: NOAUTH Authentication required","service":"unknown","stack":"ReplyError: NOAUTH Authentication required\n    at parseError (/home/neosoft/Documents/ecommerce-microservices/product-service/node_modules/redis-parser/lib/parser.js:179:12)\n    at parseType (/home/neosoft/Documents/ecommerce-microservices/product-service/node_modules/redis-parser/lib/parser.js:302:14)","timestamp":"2026-01-12T09:33:50.510Z"}
{"level":"warn","message":"Redis connection closed","service":"unknown","timestamp":"2026-01-12T09:33:50.527Z"}
{"level":"info","message":"Redis connected successfully","service":"unknown","timestamp":"2026-01-12T09:33:50.694Z"}
{"command":{"args":[],"name":"info"},"level":"error","message":"Redis error: NOAUTH Authentication required","service":"unknown","stack":"ReplyError: NOAUTH Authentication required\n    at parseError (/home/neosoft/Documents/ecommerce-microservices/product-service/node_modules/redis-parser/lib/parser.js:179:12)\n    at parseType (/home/neosoft/Documents/ecommerce-microservices/product-service/node_modules/redis-parser/lib/parser.js:302:14)","timestamp":"2026-01-12T09:33:50.730Z"}
{"level":"warn","message":"Redis connection closed","service":"unknown","timestamp":"2026-01-12T09:33:50.741Z"}
{"level":"info","message":"Redis connected successfully","service":"unknown","timestamp":"2026-01-12T09:33:50.963Z"}
{"command":{"args":[],"name":"info"},"level":"error","message":"Redis error: NOAUTH Authentication required","service":"unknown","stack":"ReplyError: NOAUTH Authentication required\n    at parseError (/home/neosoft/Documents/ecommerce-microservices/product-service/node_modules/redis-parser/lib/parser.js:179:12)\n    at parseType (/home/neosoft/Documents/ecommerce-microservices/product-service/node_modules/redis-parser/lib/parser.js:302:14)","timestamp":"2026-01-12T09:33:50.976Z"}
{"level":"warn","message":"Redis connection closed","service":"unknown","timestamp":"2026-01-12T09:33:50.987Z"}
{"level":"info","message":"Redis connected successfully","service":"unknown","timestamp":"2026-01-12T09:33:51.258Z"}
{"command":{"args":[],"name":"info"},"level":"error","message":"Redis error: NOAUTH Authentication required","service":"unknown","stack":"ReplyError: NOAUTH Authentication required\n    at parseError (/home/neosoft/Documents/ecommerce-microservices/product-service/node_modules/redis-parser/lib/parser.js:179:12)\n    at parseType (/home/neosoft/Documents/ecommerce-microservices/product-service/node_modules/redis-parser/lib/parser.js:302:14)","timestamp":"2026-01-12T09:33:51.269Z"}
{"level":"warn","message":"Redis connection closed","service":"unknown","timestamp":"2026-01-12T09:33:51.275Z"}
{"level":"info","message":"Redis connected successfully","service":"unknown","timestamp":"2026-01-12T09:33:51.591Z"}
{"command":{"args":[],"name":"info"},"level":"error","message":"Redis error: NOAUTH Authentication required","service":"unknown","stack":"ReplyError: NOAUTH Authentication required\n    at parseError (/home/neosoft/Documents/ecommerce-microservices/product-service/node_modules/redis-parser/lib/parser.js:179:12)\n    at parseType (/home/neosoft/Documents/ecommerce-microservices/product-service/node_modules/redis-parser/lib/parser.js:302:14)","timestamp":"2026-01-12T09:33:51.605Z"}
{"level":"warn","message":"Redis connection closed","service":"unknown","timestamp":"2026-01-12T09:33:51.610Z"}
{"level":"info","message":"Redis connected successfully","service":"unknown","timestamp":"2026-01-12T09:33:51.978Z"}
{"command":{"args":[],"name":"info"},"level":"error","message":"Redis error: NOAUTH Authentication required","service":"unknown","stack":"ReplyError: NOAUTH Authentication required\n    at parseError (/home/neosoft/Documents/ecommerce-microservices/product-service/node_modules/redis-parser/lib/parser.js:179:12)\n    at parseType (/home/neosoft/Documents/ecommerce-microservices/product-service/node_modules/redis-parser/lib/parser.js:302:14)","timestamp":"2026-01-12T09:33:52.001Z"}
{"level":"warn","message":"Redis connection closed","service":"unknown","timestamp":"2026-01-12T09:33:52.008Z"}
{"level":"info","message":"Redis connected successfully","service":"unknown","timestamp":"2026-01-12T09:33:52.426Z"}
{"command":{"args":[],"name":"info"},"level":"error","message":"Redis error: NOAUTH Authentication required","service":"unknown","stack":"ReplyError: NOAUTH Authentication required\n    at parseError (/home/neosoft/Documents/ecommerce-microservices/product-service/node_modules/redis-parser/lib/parser.js:179:12)\n    at parseType (/home/neosoft/Documents/ecommerce-microservices/product-service/node_modules/redis-parser/lib/parser.js:302:14)","timestamp":"2026-01-12T09:33:52.439Z"}
{"level":"warn","message":"Redis connection closed","service":"unknown","timestamp":"2026-01-12T09:33:52.445Z"}
{"level":"info","message":"Redis connected successfully","service":"unknown","timestamp":"2026-01-12T09:33:52.975Z"}
{"command":{"args":[],"name":"info"},"level":"error","message":"Redis error: NOAUTH Authentication required","service":"unknown","stack":"ReplyError: NOAUTH Authentication required\n    at parseError (/home/neosoft/Documents/ecommerce-microservices/product-service/node_modules/redis-parser/lib/parser.js:179:12)\n    at parseType (/home/neosoft/Documents/ecommerce-microservices/product-service/node_modules/redis-parser/lib/parser.js:302:14)","timestamp":"2026-01-12T09:33:52.991Z"}
{"level":"warn","message":"Redis connection closed","service":"unknown","timestamp":"2026-01-12T09:33:52.999Z"}
{"level":"info","message":"Redis connected successfully","service":"unknown","timestamp":"2026-01-12T09:33:53.559Z"}
{"command":{"args":[],"name":"info"},"level":"error","message":"Redis error: NOAUTH Authentication required","service":"unknown","stack":"ReplyError: NOAUTH Authentication required\n    at parseError (/home/neosoft/Documents/ecommerce-microservices/product-service/node_modules/redis-parser/lib/parser.js:179:12)\n    at parseType (/home/neosoft/Documents/ecommerce-microservices/product-service/node_modules/redis-parser/lib/parser.js:302:14)","timestamp":"2026-01-12T09:33:53.574Z"}
{"level":"warn","message":"Redis connection closed","service":"unknown","timestamp":"2026-01-12T09:33:53.584Z"}
{"level":"info","message":"Redis connected successfully","service":"unknown","timestamp":"2026-01-12T09:33:54.150Z"}
{"command":{"args":[],"name":"info"},"level":"error","message":"Redis error: NOAUTH Authentication required","service":"unknown","stack":"ReplyError: NOAUTH Authentication required\n    at parseError (/home/neosoft/Documents/ecommerce-microservices/product-service/node_modules/redis-parser/lib/parser.js:179:12)\n    at parseType (/home/neosoft/Documents/ecommerce-microservices/product-service/node_modules/redis-parser/lib/parser.js:302:14)","timestamp":"2026-01-12T09:33:54.164Z"}
{"level":"warn","message":"Redis connection closed","service":"unknown","timestamp":"2026-01-12T09:33:54.169Z"}
{"level":"info","message":"Redis connected successfully","service":"unknown","timestamp":"2026-01-12T09:33:54.786Z"}
{"command":{"args":[],"name":"info"},"level":"error","message":"Redis error: NOAUTH Authentication required","service":"unknown","stack":"ReplyError: NOAUTH Authentication required\n    at parseError (/home/neosoft/Documents/ecommerce-microservices/product-service/node_modules/redis-parser/lib/parser.js:179:12)\n    at parseType (/home/neosoft/Documents/ecommerce-microservices/product-service/node_modules/redis-parser/lib/parser.js:302:14)","timestamp":"2026-01-12T09:33:54.802Z"}
{"level":"warn","message":"Redis connection closed","service":"unknown","timestamp":"2026-01-12T09:33:54.808Z"}
{"level":"info","message":"Redis connected successfully","service":"unknown","timestamp":"2026-01-12T09:33:55.545Z"}
{"command":{"args":[],"name":"info"},"level":"error","message":"Redis error: NOAUTH Authentication required","service":"unknown","stack":"ReplyError: NOAUTH Authentication required\n    at parseError (/home/neosoft/Documents/ecommerce-microservices/product-service/node_modules/redis-parser/lib/parser.js:179:12)\n    at parseType (/home/neosoft/Documents/ecommerce-microservices/product-service/node_modules/redis-parser/lib/parser.js:302:14)","timestamp":"2026-01-12T09:33:55.562Z"}
{"level":"warn","message":"Redis connection closed","service":"unknown","timestamp":"2026-01-12T09:33:55.569Z"}
{"level":"info","message":"Redis connected successfully","service":"unknown","timestamp":"2026-01-12T09:33:56.296Z"}
{"command":{"args":[],"name":"info"},"level":"error","message":"Redis error: NOAUTH Authentication required","service":"unknown","stack":"ReplyError: NOAUTH Authentication required\n    at parseError (/home/neosoft/Documents/ecommerce-microservices/product-service/node_modules/redis-parser/lib/parser.js:179:12)\n    at parseType (/home/neosoft/Documents/ecommerce-microservices/product-service/node_modules/redis-parser/lib/parser.js:302:14)","timestamp":"2026-01-12T09:33:56.307Z"}
{"level":"warn","message":"Redis connection closed","service":"unknown","timestamp":"2026-01-12T09:33:56.311Z"}
{"level":"info","message":"Redis connected successfully","service":"unknown","timestamp":"2026-01-12T09:33:57.150Z"}
{"command":{"args":[],"name":"info"},"level":"error","message":"Redis error: NOAUTH Authentication required","service":"unknown","stack":"ReplyError: NOAUTH Authentication required\n    at parseError (/home/neosoft/Documents/ecommerce-microservices/product-service/node_modules/redis-parser/lib/parser.js:179:12)\n    at parseType (/home/neosoft/Documents/ecommerce-microservices/product-service/node_modules/redis-parser/lib/parser.js:302:14)","timestamp":"2026-01-12T09:33:57.170Z"}
{"level":"warn","message":"Redis connection closed","service":"unknown","timestamp":"2026-01-12T09:33:57.183Z"}
{"level":"info","message":"Redis connected successfully","service":"unknown","timestamp":"2026-01-12T09:33:58.013Z"}
{"command":{"args":[],"name":"info"},"level":"error","message":"Redis error: NOAUTH Authentication required","service":"unknown","stack":"ReplyError: NOAUTH Authentication required\n    at parseError (/home/neosoft/Documents/ecommerce-microservices/product-service/node_modules/redis-parser/lib/parser.js:179:12)\n    at parseType (/home/neosoft/Documents/ecommerce-microservices/product-service/node_modules/redis-parser/lib/parser.js:302:14)","timestamp":"2026-01-12T09:33:58.032Z"}
{"level":"warn","message":"Redis connection closed","service":"unknown","timestamp":"2026-01-12T09:33:58.049Z"}
{"level":"info","message":"Redis connected successfully","service":"unknown","timestamp":"2026-01-12T09:33:58.932Z"}
{"command":{"args":[],"name":"info"},"level":"error","message":"Redis error: NOAUTH Authentication required","service":"unknown","stack":"ReplyError: NOAUTH Authentication required\n    at parseError (/home/neosoft/Documents/ecommerce-microservices/product-service/node_modules/redis-parser/lib/parser.js:179:12)\n    at parseType (/home/neosoft/Documents/ecommerce-microservices/product-service/node_modules/redis-parser/lib/parser.js:302:14)","timestamp":"2026-01-12T09:33:58.963Z"}
{"level":"warn","message":"Redis connection closed","service":"unknown","timestamp":"2026-01-12T09:33:58.978Z"}
{"level":"info","message":"Redis connected successfully","service":"unknown","timestamp":"2026-01-12T09:33:59.900Z"}
{"command":{"args":[],"name":"info"},"level":"error","message":"Redis error: NOAUTH Authentication required","service":"unknown","stack":"ReplyError: NOAUTH Authentication required\n    at parseError (/home/neosoft/Documents/ecommerce-microservices/product-service/node_modules/redis-parser/lib/parser.js:179:12)\n    at parseType (/home/neosoft/Documents/ecommerce-microservices/product-service/node_modules/redis-parser/lib/parser.js:302:14)","timestamp":"2026-01-12T09:33:59.935Z"}
{"level":"warn","message":"Redis connection closed","service":"unknown","timestamp":"2026-01-12T09:33:59.951Z"}
{"level":"info","message":"Redis connected successfully","service":"unknown","timestamp":"2026-01-12T09:34:00.961Z"}
{"command":{"args":[],"name":"info"},"level":"error","message":"Redis error: NOAUTH Authentication required","service":"unknown","stack":"ReplyError: NOAUTH Authentication required\n    at parseError (/home/neosoft/Documents/ecommerce-microservices/product-service/node_modules/redis-parser/lib/parser.js:179:12)\n    at parseType (/home/neosoft/Documents/ecommerce-microservices/product-service/node_modules/redis-parser/lib/parser.js:302:14)","timestamp":"2026-01-12T09:34:01.095Z"}
{"level":"warn","message":"Redis connection closed","service":"unknown","timestamp":"2026-01-12T09:34:01.179Z"}
{"level":"info","message":"Redis connected successfully","service":"unknown","timestamp":"2026-01-12T09:34:02.228Z"}
{"command":{"args":[],"name":"info"},"level":"error","message":"Redis error: NOAUTH Authentication required","service":"unknown","stack":"ReplyError: NOAUTH Authentication required\n    at parseError (/home/neosoft/Documents/ecommerce-microservices/product-service/node_modules/redis-parser/lib/parser.js:179:12)\n    at parseType (/home/neosoft/Documents/ecommerce-microservices/product-service/node_modules/redis-parser/lib/parser.js:302:14)","timestamp":"2026-01-12T09:34:02.297Z"}
{"level":"warn","message":"Redis connection closed","service":"unknown","timestamp":"2026-01-12T09:34:02.323Z"}
{"level":"info","message":"Redis connected successfully","service":"unknown","timestamp":"2026-01-12T09:34:03.422Z"}
{"command":{"args":[],"name":"info"},"level":"error","message":"Redis error: NOAUTH Authentication required","service":"unknown","stack":"ReplyError: NOAUTH Authentication required\n    at parseError (/home/neosoft/Documents/ecommerce-microservices/product-service/node_modules/redis-parser/lib/parser.js:179:12)\n    at parseType (/home/neosoft/Documents/ecommerce-microservices/product-service/node_modules/redis-parser/lib/parser.js:302:14)","timestamp":"2026-01-12T09:34:03.458Z"}
{"level":"warn","message":"Redis connection closed","service":"unknown","timestamp":"2026-01-12T09:34:03.484Z"}
{"level":"info","message":"Redis connected successfully","service":"unknown","timestamp":"2026-01-12T09:34:04.664Z"}
{"command":{"args":[],"name":"info"},"level":"error","message":"Redis error: NOAUTH Authentication required","service":"unknown","stack":"ReplyError: NOAUTH Authentication required\n    at parseError (/home/neosoft/Documents/ecommerce-microservices/product-service/node_modules/redis-parser/lib/parser.js:179:12)\n    at parseType (/home/neosoft/Documents/ecommerce-microservices/product-service/node_modules/redis-parser/lib/parser.js:302:14)","timestamp":"2026-01-12T09:34:04.676Z"}
{"level":"warn","message":"Redis connection closed","service":"unknown","timestamp":"2026-01-12T09:34:04.681Z"}
{"level":"info","message":"Redis connected successfully","service":"unknown","timestamp":"2026-01-12T09:34:05.850Z"}
{"command":{"args":[],"name":"info"},"level":"error","message":"Redis error: NOAUTH Authentication required","service":"unknown","stack":"ReplyError: NOAUTH Authentication required\n    at parseError (/home/neosoft/Documents/ecommerce-microservices/product-service/node_modules/redis-parser/lib/parser.js:179:12)\n    at parseType (/home/neosoft/Documents/ecommerce-microservices/product-service/node_modules/redis-parser/lib/parser.js:302:14)","timestamp":"2026-01-12T09:34:05.861Z"}
{"level":"warn","message":"Redis connection closed","service":"unknown","timestamp":"2026-01-12T09:34:05.867Z"}
{"level":"info","message":"Redis connected successfully","service":"unknown","timestamp":"2026-01-12T09:34:07.095Z"}
{"command":{"args":[],"name":"info"},"level":"error","message":"Redis error: NOAUTH Authentication required","service":"unknown","stack":"ReplyError: NOAUTH Authentication required\n    at parseError (/home/neosoft/Documents/ecommerce-microservices/product-service/node_modules/redis-parser/lib/parser.js:179:12)\n    at parseType (/home/neosoft/Documents/ecommerce-microservices/product-service/node_modules/redis-parser/lib/parser.js:302:14)","timestamp":"2026-01-12T09:34:07.109Z"}
{"level":"warn","message":"Redis connection closed","service":"unknown","timestamp":"2026-01-12T09:34:07.115Z"}
{"level":"info","message":"Redis connected successfully","service":"unknown","timestamp":"2026-01-12T09:34:08.383Z"}
{"command":{"args":[],"name":"info"},"level":"error","message":"Redis error: NOAUTH Authentication required","service":"unknown","stack":"ReplyError: NOAUTH Authentication required\n    at parseError (/home/neosoft/Documents/ecommerce-microservices/product-service/node_modules/redis-parser/lib/parser.js:179:12)\n    at parseType (/home/neosoft/Documents/ecommerce-microservices/product-service/node_modules/redis-parser/lib/parser.js:302:14)","timestamp":"2026-01-12T09:34:08.393Z"}
{"level":"warn","message":"Redis connection closed","service":"unknown","timestamp":"2026-01-12T09:34:08.398Z"}
{"level":"info","message":"Redis connected successfully","service":"unknown","timestamp":"2026-01-12T09:34:09.741Z"}
{"command":{"args":[],"name":"info"},"level":"error","message":"Redis error: NOAUTH Authentication required","service":"unknown","stack":"ReplyError: NOAUTH Authentication required\n    at parseError (/home/neosoft/Documents/ecommerce-microservices/product-service/node_modules/redis-parser/lib/parser.js:179:12)\n    at parseType (/home/neosoft/Documents/ecommerce-microservices/product-service/node_modules/redis-parser/lib/parser.js:302:14)","timestamp":"2026-01-12T09:34:09.752Z"}
{"level":"warn","message":"Redis connection closed","service":"unknown","timestamp":"2026-01-12T09:34:09.758Z"}
{"level":"info","message":"Redis connected successfully","service":"unknown","timestamp":"2026-01-12T09:34:11.128Z"}
{"command":{"args":[],"name":"info"},"level":"error","message":"Redis error: NOAUTH Authentication required","service":"unknown","stack":"ReplyError: NOAUTH Authentication required\n    at parseError (/home/neosoft/Documents/ecommerce-microservices/product-service/node_modules/redis-parser/lib/parser.js:179:12)\n    at parseType (/home/neosoft/Documents/ecommerce-microservices/product-service/node_modules/redis-parser/lib/parser.js:302:14)","timestamp":"2026-01-12T09:34:11.140Z"}
{"level":"warn","message":"Redis connection closed","service":"unknown","timestamp":"2026-01-12T09:34:11.146Z"}
