{"level":"error","message":"Failed to start Auth Service: getaddrinfo EAI_AGAIN mongodb-srv","reason":{"commonWireVersion":0,"compatible":true,"heartbeatFrequencyMS":10000,"localThresholdMS":15,"logicalSessionTimeoutMinutes":null,"maxElectionId":null,"maxSetVersion":null,"servers":{},"setName":null,"stale":false,"type":"Unknown"},"service":"auth-service","stack":"MongooseServerSelectionError: getaddrinfo EAI_AGAIN mongodb-srv\n    at _handleConnectionErrors (/home/neosoft/Documents/ecommerce-microservices/auth-service/node_modules/mongoose/lib/connection.js:816:11)\n    at NativeConnection.openUri (/home/neosoft/Documents/ecommerce-microservices/auth-service/node_modules/mongoose/lib/connection.js:791:11)\n    at async startServer (/home/neosoft/Documents/ecommerce-microservices/auth-service/src/index.js:45:5)","timestamp":"2026-01-02T06:00:29.632Z"}
{"level":"error","message":"Failed to start Auth Service: getaddrinfo EAI_AGAIN mongodb-srv","reason":{"commonWireVersion":0,"compatible":true,"heartbeatFrequencyMS":10000,"localThresholdMS":15,"logicalSessionTimeoutMinutes":null,"maxElectionId":null,"maxSetVersion":null,"servers":{},"setName":null,"stale":false,"type":"Unknown"},"service":"auth-service","stack":"MongooseServerSelectionError: getaddrinfo EAI_AGAIN mongodb-srv\n    at _handleConnectionErrors (/home/neosoft/Documents/ecommerce-microservices/auth-service/node_modules/mongoose/lib/connection.js:816:11)\n    at NativeConnection.openUri (/home/neosoft/Documents/ecommerce-microservices/auth-service/node_modules/mongoose/lib/connection.js:791:11)\n    at async startServer (/home/neosoft/Documents/ecommerce-microservices/auth-service/src/index.js:45:5)","timestamp":"2026-01-02T06:02:58.795Z"}
{"level":"error","message":"Failed to start Auth Service: getaddrinfo EAI_AGAIN mongodb-srv","reason":{"commonWireVersion":0,"compatible":true,"heartbeatFrequencyMS":10000,"localThresholdMS":15,"logicalSessionTimeoutMinutes":null,"maxElectionId":null,"maxSetVersion":null,"servers":{},"setName":null,"stale":false,"type":"Unknown"},"service":"auth-service","stack":"MongooseServerSelectionError: getaddrinfo EAI_AGAIN mongodb-srv\n    at _handleConnectionErrors (/home/neosoft/Documents/ecommerce-microservices/auth-service/node_modules/mongoose/lib/connection.js:816:11)\n    at NativeConnection.openUri (/home/neosoft/Documents/ecommerce-microservices/auth-service/node_modules/mongoose/lib/connection.js:791:11)\n    at async startServer (/home/neosoft/Documents/ecommerce-microservices/auth-service/src/index.js:52:5)","timestamp":"2026-01-02T06:06:56.067Z"}
{"level":"error","message":"Failed to start Auth Service: getaddrinfo EAI_AGAIN mongodb-srv","reason":{"commonWireVersion":0,"compatible":true,"heartbeatFrequencyMS":10000,"localThresholdMS":15,"logicalSessionTimeoutMinutes":null,"maxElectionId":null,"maxSetVersion":null,"servers":{},"setName":null,"stale":false,"type":"Unknown"},"service":"auth-service","stack":"MongooseServerSelectionError: getaddrinfo EAI_AGAIN mongodb-srv\n    at _handleConnectionErrors (/home/neosoft/Documents/ecommerce-microservices/auth-service/node_modules/mongoose/lib/connection.js:816:11)\n    at NativeConnection.openUri (/home/neosoft/Documents/ecommerce-microservices/auth-service/node_modules/mongoose/lib/connection.js:791:11)\n    at async startServer (/home/neosoft/Documents/ecommerce-microservices/auth-service/src/index.js:52:5)","timestamp":"2026-01-02T06:08:19.189Z"}
{"level":"error","message":"Failed to start Auth Service: getaddrinfo EAI_AGAIN mongodb-srv","reason":{"commonWireVersion":0,"compatible":true,"heartbeatFrequencyMS":10000,"localThresholdMS":15,"logicalSessionTimeoutMinutes":null,"maxElectionId":null,"maxSetVersion":null,"servers":{},"setName":null,"stale":false,"type":"Unknown"},"service":"auth-service","stack":"MongooseServerSelectionError: getaddrinfo EAI_AGAIN mongodb-srv\n    at _handleConnectionErrors (/home/neosoft/Documents/ecommerce-microservices/auth-service/node_modules/mongoose/lib/connection.js:816:11)\n    at NativeConnection.openUri (/home/neosoft/Documents/ecommerce-microservices/auth-service/node_modules/mongoose/lib/connection.js:791:11)\n    at async startServer (/home/neosoft/Documents/ecommerce-microservices/auth-service/src/index.js:57:5)","timestamp":"2026-01-12T09:24:06.423Z"}
{"level":"error","message":"Failed to start Auth Service: getaddrinfo EAI_AGAIN mongodb-srv","reason":{"commonWireVersion":0,"compatible":true,"heartbeatFrequencyMS":10000,"localThresholdMS":15,"logicalSessionTimeoutMinutes":null,"maxElectionId":null,"maxSetVersion":null,"servers":{},"setName":null,"stale":false,"type":"Unknown"},"service":"auth-service","stack":"MongooseServerSelectionError: getaddrinfo EAI_AGAIN mongodb-srv\n    at _handleConnectionErrors (/home/neosoft/Documents/ecommerce-microservices/auth-service/node_modules/mongoose/lib/connection.js:816:11)\n    at NativeConnection.openUri (/home/neosoft/Documents/ecommerce-microservices/auth-service/node_modules/mongoose/lib/connection.js:791:11)\n    at async startServer (/home/neosoft/Documents/ecommerce-microservices/auth-service/src/index.js:57:5)","timestamp":"2026-01-12T09:26:11.991Z"}
{"level":"error","message":"Failed to start Auth Service: getaddrinfo EAI_AGAIN mongodb-srv","reason":{"commonWireVersion":0,"compatible":true,"heartbeatFrequencyMS":10000,"localThresholdMS":15,"logicalSessionTimeoutMinutes":null,"maxElectionId":null,"maxSetVersion":null,"servers":{},"setName":null,"stale":false,"type":"Unknown"},"service":"auth-service","stack":"MongooseServerSelectionError: getaddrinfo EAI_AGAIN mongodb-srv\n    at _handleConnectionErrors (/home/neosoft/Documents/ecommerce-microservices/auth-service/node_modules/mongoose/lib/connection.js:816:11)\n    at NativeConnection.openUri (/home/neosoft/Documents/ecommerce-microservices/auth-service/node_modules/mongoose/lib/connection.js:791:11)\n    at async startServer (/home/neosoft/Documents/ecommerce-microservices/auth-service/src/index.js:57:5)","timestamp":"2026-01-12T09:26:24.973Z"}
{"level":"error","message":"Failed to start Auth Service: getaddrinfo EAI_AGAIN mongodb-srv","reason":{"commonWireVersion":0,"compatible":true,"heartbeatFrequencyMS":10000,"localThresholdMS":15,"logicalSessionTimeoutMinutes":null,"maxElectionId":null,"maxSetVersion":null,"servers":{},"setName":null,"stale":false,"type":"Unknown"},"service":"auth-service","stack":"MongooseServerSelectionError: getaddrinfo EAI_AGAIN mongodb-srv\n    at _handleConnectionErrors (/home/neosoft/Documents/ecommerce-microservices/auth-service/node_modules/mongoose/lib/connection.js:816:11)\n    at NativeConnection.openUri (/home/neosoft/Documents/ecommerce-microservices/auth-service/node_modules/mongoose/lib/connection.js:791:11)\n    at async startServer (/home/neosoft/Documents/ecommerce-microservices/auth-service/src/index.js:58:5)","timestamp":"2026-01-12T09:27:28.674Z"}
{"level":"info","message":"MongoDB connected successfully","service":"unknown","timestamp":"2026-01-12T09:28:00.351Z"}
{"level":"info","message":"Redis connected successfully","service":"unknown","timestamp":"2026-01-12T09:28:00.385Z"}
{"command":{"args":[],"name":"info"},"level":"error","message":"Redis error: NOAUTH Authentication required","service":"unknown","stack":"ReplyError: NOAUTH Authentication required\n    at parseError (/home/neosoft/Documents/ecommerce-microservices/auth-service/node_modules/redis-parser/lib/parser.js:179:12)\n    at parseType (/home/neosoft/Documents/ecommerce-microservices/auth-service/node_modules/redis-parser/lib/parser.js:302:14)","timestamp":"2026-01-12T09:28:00.405Z"}
{"command":{"args":[],"name":"info"},"level":"error","message":"Redis connection failed: NOAUTH Authentication required","service":"unknown","stack":"ReplyError: NOAUTH Authentication required\n    at parseError (/home/neosoft/Documents/ecommerce-microservices/auth-service/node_modules/redis-parser/lib/parser.js:179:12)\n    at parseType (/home/neosoft/Documents/ecommerce-microservices/auth-service/node_modules/redis-parser/lib/parser.js:302:14)","timestamp":"2026-01-12T09:28:00.406Z"}
{"level":"info","message":"Redis connected successfully","service":"unknown","timestamp":"2026-01-12T09:28:00.407Z"}
{"level":"info","message":"Auth Service listening on port 4001","service":"unknown","timestamp":"2026-01-12T09:28:00.411Z"}
{"level":"info","message":"Environment: production","service":"unknown","timestamp":"2026-01-12T09:28:00.411Z"}
{"level":"warn","message":"Redis connection closed","service":"unknown","timestamp":"2026-01-12T09:28:00.418Z"}
{"level":"info","message":"Redis connected successfully","service":"unknown","timestamp":"2026-01-12T09:28:00.482Z"}
{"command":{"args":[],"name":"info"},"level":"error","message":"Redis error: NOAUTH Authentication required","service":"unknown","stack":"ReplyError: NOAUTH Authentication required\n    at parseError (/home/neosoft/Documents/ecommerce-microservices/auth-service/node_modules/redis-parser/lib/parser.js:179:12)\n    at parseType (/home/neosoft/Documents/ecommerce-microservices/auth-service/node_modules/redis-parser/lib/parser.js:302:14)","timestamp":"2026-01-12T09:28:00.493Z"}
{"level":"warn","message":"Redis connection closed","service":"unknown","timestamp":"2026-01-12T09:28:00.499Z"}
{"level":"info","message":"Redis connected successfully","service":"unknown","timestamp":"2026-01-12T09:28:00.679Z"}
{"command":{"args":[],"name":"info"},"level":"error","message":"Redis error: NOAUTH Authentication required","service":"unknown","stack":"ReplyError: NOAUTH Authentication required\n    at parseError (/home/neosoft/Documents/ecommerce-microservices/auth-service/node_modules/redis-parser/lib/parser.js:179:12)\n    at parseType (/home/neosoft/Documents/ecommerce-microservices/auth-service/node_modules/redis-parser/lib/parser.js:302:14)","timestamp":"2026-01-12T09:28:00.692Z"}
{"level":"warn","message":"Redis connection closed","service":"unknown","timestamp":"2026-01-12T09:28:00.705Z"}
{"level":"info","message":"Redis connected successfully","service":"unknown","timestamp":"2026-01-12T09:28:00.870Z"}
{"command":{"args":[],"name":"info"},"level":"error","message":"Redis error: NOAUTH Authentication required","service":"unknown","stack":"ReplyError: NOAUTH Authentication required\n    at parseError (/home/neosoft/Documents/ecommerce-microservices/auth-service/node_modules/redis-parser/lib/parser.js:179:12)\n    at parseType (/home/neosoft/Documents/ecommerce-microservices/auth-service/node_modules/redis-parser/lib/parser.js:302:14)","timestamp":"2026-01-12T09:28:00.881Z"}
{"level":"warn","message":"Redis connection closed","service":"unknown","timestamp":"2026-01-12T09:28:00.886Z"}
{"level":"info","message":"Redis connected successfully","service":"unknown","timestamp":"2026-01-12T09:28:01.137Z"}
{"command":{"args":[],"name":"info"},"level":"error","message":"Redis error: NOAUTH Authentication required","service":"unknown","stack":"ReplyError: NOAUTH Authentication required\n    at parseError (/home/neosoft/Documents/ecommerce-microservices/auth-service/node_modules/redis-parser/lib/parser.js:179:12)\n    at parseType (/home/neosoft/Documents/ecommerce-microservices/auth-service/node_modules/redis-parser/lib/parser.js:302:14)","timestamp":"2026-01-12T09:28:01.151Z"}
{"level":"warn","message":"Redis connection closed","service":"unknown","timestamp":"2026-01-12T09:28:01.158Z"}
{"level":"info","message":"Redis connected successfully","service":"unknown","timestamp":"2026-01-12T09:28:01.485Z"}
{"command":{"args":[],"name":"info"},"level":"error","message":"Redis error: NOAUTH Authentication required","service":"unknown","stack":"ReplyError: NOAUTH Authentication required\n    at parseError (/home/neosoft/Documents/ecommerce-microservices/auth-service/node_modules/redis-parser/lib/parser.js:179:12)\n    at parseType (/home/neosoft/Documents/ecommerce-microservices/auth-service/node_modules/redis-parser/lib/parser.js:302:14)","timestamp":"2026-01-12T09:28:01.499Z"}
{"level":"warn","message":"Redis connection closed","service":"unknown","timestamp":"2026-01-12T09:28:01.509Z"}
{"level":"info","message":"Redis connected successfully","service":"unknown","timestamp":"2026-01-12T09:28:01.826Z"}
{"command":{"args":[],"name":"info"},"level":"error","message":"Redis error: NOAUTH Authentication required","service":"unknown","stack":"ReplyError: NOAUTH Authentication required\n    at parseError (/home/neosoft/Documents/ecommerce-microservices/auth-service/node_modules/redis-parser/lib/parser.js:179:12)\n    at parseType (/home/neosoft/Documents/ecommerce-microservices/auth-service/node_modules/redis-parser/lib/parser.js:302:14)","timestamp":"2026-01-12T09:28:01.842Z"}
{"level":"warn","message":"Redis connection closed","service":"unknown","timestamp":"2026-01-12T09:28:01.849Z"}
{"level":"info","message":"Redis connected successfully","service":"unknown","timestamp":"2026-01-12T09:28:02.218Z"}
{"command":{"args":[],"name":"info"},"level":"error","message":"Redis error: NOAUTH Authentication required","service":"unknown","stack":"ReplyError: NOAUTH Authentication required\n    at parseError (/home/neosoft/Documents/ecommerce-microservices/auth-service/node_modules/redis-parser/lib/parser.js:179:12)\n    at parseType (/home/neosoft/Documents/ecommerce-microservices/auth-service/node_modules/redis-parser/lib/parser.js:302:14)","timestamp":"2026-01-12T09:28:02.256Z"}
{"level":"warn","message":"Redis connection closed","service":"unknown","timestamp":"2026-01-12T09:28:02.263Z"}
{"level":"info","message":"Redis connected successfully","service":"unknown","timestamp":"2026-01-12T09:28:02.687Z"}
{"command":{"args":[],"name":"info"},"level":"error","message":"Redis error: NOAUTH Authentication required","service":"unknown","stack":"ReplyError: NOAUTH Authentication required\n    at parseError (/home/neosoft/Documents/ecommerce-microservices/auth-service/node_modules/redis-parser/lib/parser.js:179:12)\n    at parseType (/home/neosoft/Documents/ecommerce-microservices/auth-service/node_modules/redis-parser/lib/parser.js:302:14)","timestamp":"2026-01-12T09:28:02.702Z"}
{"level":"warn","message":"Redis connection closed","service":"unknown","timestamp":"2026-01-12T09:28:02.710Z"}
{"level":"info","message":"Redis connected successfully","service":"unknown","timestamp":"2026-01-12T09:28:03.178Z"}
{"command":{"args":[],"name":"info"},"level":"error","message":"Redis error: NOAUTH Authentication required","service":"unknown","stack":"ReplyError: NOAUTH Authentication required\n    at parseError (/home/neosoft/Documents/ecommerce-microservices/auth-service/node_modules/redis-parser/lib/parser.js:179:12)\n    at parseType (/home/neosoft/Documents/ecommerce-microservices/auth-service/node_modules/redis-parser/lib/parser.js:302:14)","timestamp":"2026-01-12T09:28:03.190Z"}
{"level":"warn","message":"Redis connection closed","service":"unknown","timestamp":"2026-01-12T09:28:03.195Z"}
{"level":"info","message":"Redis connected successfully","service":"unknown","timestamp":"2026-01-12T09:28:03.712Z"}
{"command":{"args":[],"name":"info"},"level":"error","message":"Redis error: NOAUTH Authentication required","service":"unknown","stack":"ReplyError: NOAUTH Authentication required\n    at parseError (/home/neosoft/Documents/ecommerce-microservices/auth-service/node_modules/redis-parser/lib/parser.js:179:12)\n    at parseType (/home/neosoft/Documents/ecommerce-microservices/auth-service/node_modules/redis-parser/lib/parser.js:302:14)","timestamp":"2026-01-12T09:28:03.724Z"}
{"level":"warn","message":"Redis connection closed","service":"unknown","timestamp":"2026-01-12T09:28:03.729Z"}
{"level":"info","message":"Redis connected successfully","service":"unknown","timestamp":"2026-01-12T09:28:04.303Z"}
{"command":{"args":[],"name":"info"},"level":"error","message":"Redis error: NOAUTH Authentication required","service":"unknown","stack":"ReplyError: NOAUTH Authentication required\n    at parseError (/home/neosoft/Documents/ecommerce-microservices/auth-service/node_modules/redis-parser/lib/parser.js:179:12)\n    at parseType (/home/neosoft/Documents/ecommerce-microservices/auth-service/node_modules/redis-parser/lib/parser.js:302:14)","timestamp":"2026-01-12T09:28:04.322Z"}
{"level":"warn","message":"Redis connection closed","service":"unknown","timestamp":"2026-01-12T09:28:04.328Z"}
{"level":"info","message":"Redis connected successfully","service":"unknown","timestamp":"2026-01-12T09:28:05.012Z"}
{"command":{"args":[],"name":"info"},"level":"error","message":"Redis error: NOAUTH Authentication required","service":"unknown","stack":"ReplyError: NOAUTH Authentication required\n    at parseError (/home/neosoft/Documents/ecommerce-microservices/auth-service/node_modules/redis-parser/lib/parser.js:179:12)\n    at parseType (/home/neosoft/Documents/ecommerce-microservices/auth-service/node_modules/redis-parser/lib/parser.js:302:14)","timestamp":"2026-01-12T09:28:05.027Z"}
{"level":"warn","message":"Redis connection closed","service":"unknown","timestamp":"2026-01-12T09:28:05.033Z"}
{"level":"info","message":"Redis connected successfully","service":"unknown","timestamp":"2026-01-12T09:28:05.706Z"}
{"command":{"args":[],"name":"info"},"level":"error","message":"Redis error: NOAUTH Authentication required","service":"unknown","stack":"ReplyError: NOAUTH Authentication required\n    at parseError (/home/neosoft/Documents/ecommerce-microservices/auth-service/node_modules/redis-parser/lib/parser.js:179:12)\n    at parseType (/home/neosoft/Documents/ecommerce-microservices/auth-service/node_modules/redis-parser/lib/parser.js:302:14)","timestamp":"2026-01-12T09:28:05.726Z"}
{"level":"warn","message":"Redis connection closed","service":"unknown","timestamp":"2026-01-12T09:28:05.737Z"}
{"level":"info","message":"Redis connected successfully","service":"unknown","timestamp":"2026-01-12T09:28:06.461Z"}
{"command":{"args":[],"name":"info"},"level":"error","message":"Redis error: NOAUTH Authentication required","service":"unknown","stack":"ReplyError: NOAUTH Authentication required\n    at parseError (/home/neosoft/Documents/ecommerce-microservices/auth-service/node_modules/redis-parser/lib/parser.js:179:12)\n    at parseType (/home/neosoft/Documents/ecommerce-microservices/auth-service/node_modules/redis-parser/lib/parser.js:302:14)","timestamp":"2026-01-12T09:28:06.476Z"}
{"level":"warn","message":"Redis connection closed","service":"unknown","timestamp":"2026-01-12T09:28:06.484Z"}
{"level":"info","message":"Redis connected successfully","service":"unknown","timestamp":"2026-01-12T09:28:07.252Z"}
{"command":{"args":[],"name":"info"},"level":"error","message":"Redis error: NOAUTH Authentication required","service":"unknown","stack":"ReplyError: NOAUTH Authentication required\n    at parseError (/home/neosoft/Documents/ecommerce-microservices/auth-service/node_modules/redis-parser/lib/parser.js:179:12)\n    at parseType (/home/neosoft/Documents/ecommerce-microservices/auth-service/node_modules/redis-parser/lib/parser.js:302:14)","timestamp":"2026-01-12T09:28:07.265Z"}
{"level":"warn","message":"Redis connection closed","service":"unknown","timestamp":"2026-01-12T09:28:07.270Z"}
{"level":"info","message":"Redis connected successfully","service":"unknown","timestamp":"2026-01-12T09:28:08.118Z"}
{"command":{"args":[],"name":"info"},"level":"error","message":"Redis error: NOAUTH Authentication required","service":"unknown","stack":"ReplyError: NOAUTH Authentication required\n    at parseError (/home/neosoft/Documents/ecommerce-microservices/auth-service/node_modules/redis-parser/lib/parser.js:179:12)\n    at parseType (/home/neosoft/Documents/ecommerce-microservices/auth-service/node_modules/redis-parser/lib/parser.js:302:14)","timestamp":"2026-01-12T09:28:08.136Z"}
{"level":"warn","message":"Redis connection closed","service":"unknown","timestamp":"2026-01-12T09:28:08.143Z"}
{"level":"info","message":"Redis connected successfully","service":"unknown","timestamp":"2026-01-12T09:28:09.027Z"}
{"command":{"args":[],"name":"info"},"level":"error","message":"Redis error: NOAUTH Authentication required","service":"unknown","stack":"ReplyError: NOAUTH Authentication required\n    at parseError (/home/neosoft/Documents/ecommerce-microservices/auth-service/node_modules/redis-parser/lib/parser.js:179:12)\n    at parseType (/home/neosoft/Documents/ecommerce-microservices/auth-service/node_modules/redis-parser/lib/parser.js:302:14)","timestamp":"2026-01-12T09:28:09.058Z"}
{"level":"warn","message":"Redis connection closed","service":"unknown","timestamp":"2026-01-12T09:28:09.064Z"}
{"level":"info","message":"Redis connected successfully","service":"unknown","timestamp":"2026-01-12T09:28:09.980Z"}
{"command":{"args":[],"name":"info"},"level":"error","message":"Redis error: NOAUTH Authentication required","service":"unknown","stack":"ReplyError: NOAUTH Authentication required\n    at parseError (/home/neosoft/Documents/ecommerce-microservices/auth-service/node_modules/redis-parser/lib/parser.js:179:12)\n    at parseType (/home/neosoft/Documents/ecommerce-microservices/auth-service/node_modules/redis-parser/lib/parser.js:302:14)","timestamp":"2026-01-12T09:28:09.993Z"}
{"level":"warn","message":"Redis connection closed","service":"unknown","timestamp":"2026-01-12T09:28:10.000Z"}
{"level":"info","message":"Redis connected successfully","service":"unknown","timestamp":"2026-01-12T09:28:11.027Z"}
{"command":{"args":[],"name":"info"},"level":"error","message":"Redis error: NOAUTH Authentication required","service":"unknown","stack":"ReplyError: NOAUTH Authentication required\n    at parseError (/home/neosoft/Documents/ecommerce-microservices/auth-service/node_modules/redis-parser/lib/parser.js:179:12)\n    at parseType (/home/neosoft/Documents/ecommerce-microservices/auth-service/node_modules/redis-parser/lib/parser.js:302:14)","timestamp":"2026-01-12T09:28:11.046Z"}
{"level":"warn","message":"Redis connection closed","service":"unknown","timestamp":"2026-01-12T09:28:11.055Z"}
{"level":"info","message":"Redis connected successfully","service":"unknown","timestamp":"2026-01-12T09:28:12.084Z"}
{"command":{"args":[],"name":"info"},"level":"error","message":"Redis error: NOAUTH Authentication required","service":"unknown","stack":"ReplyError: NOAUTH Authentication required\n    at parseError (/home/neosoft/Documents/ecommerce-microservices/auth-service/node_modules/redis-parser/lib/parser.js:179:12)\n    at parseType (/home/neosoft/Documents/ecommerce-microservices/auth-service/node_modules/redis-parser/lib/parser.js:302:14)","timestamp":"2026-01-12T09:28:12.095Z"}
{"level":"warn","message":"Redis connection closed","service":"unknown","timestamp":"2026-01-12T09:28:12.101Z"}
{"level":"info","message":"Redis connected successfully","service":"unknown","timestamp":"2026-01-12T09:28:13.172Z"}
{"command":{"args":[],"name":"info"},"level":"error","message":"Redis error: NOAUTH Authentication required","service":"unknown","stack":"ReplyError: NOAUTH Authentication required\n    at parseError (/home/neosoft/Documents/ecommerce-microservices/auth-service/node_modules/redis-parser/lib/parser.js:179:12)\n    at parseType (/home/neosoft/Documents/ecommerce-microservices/auth-service/node_modules/redis-parser/lib/parser.js:302:14)","timestamp":"2026-01-12T09:28:13.190Z"}
{"level":"warn","message":"Redis connection closed","service":"unknown","timestamp":"2026-01-12T09:28:13.200Z"}
{"level":"info","message":"Redis connected successfully","service":"unknown","timestamp":"2026-01-12T09:28:14.354Z"}
{"command":{"args":[],"name":"info"},"level":"error","message":"Redis error: NOAUTH Authentication required","service":"unknown","stack":"ReplyError: NOAUTH Authentication required\n    at parseError (/home/neosoft/Documents/ecommerce-microservices/auth-service/node_modules/redis-parser/lib/parser.js:179:12)\n    at parseType (/home/neosoft/Documents/ecommerce-microservices/auth-service/node_modules/redis-parser/lib/parser.js:302:14)","timestamp":"2026-01-12T09:28:14.391Z"}
{"level":"warn","message":"Redis connection closed","service":"unknown","timestamp":"2026-01-12T09:28:14.403Z"}
{"level":"info","message":"Redis connected successfully","service":"unknown","timestamp":"2026-01-12T09:28:15.597Z"}
{"command":{"args":[],"name":"info"},"level":"error","message":"Redis error: NOAUTH Authentication required","service":"unknown","stack":"ReplyError: NOAUTH Authentication required\n    at parseError (/home/neosoft/Documents/ecommerce-microservices/auth-service/node_modules/redis-parser/lib/parser.js:179:12)\n    at parseType (/home/neosoft/Documents/ecommerce-microservices/auth-service/node_modules/redis-parser/lib/parser.js:302:14)","timestamp":"2026-01-12T09:28:15.634Z"}
{"level":"warn","message":"Redis connection closed","service":"unknown","timestamp":"2026-01-12T09:28:15.649Z"}
{"level":"info","message":"Redis connected successfully","service":"unknown","timestamp":"2026-01-12T09:28:16.899Z"}
{"command":{"args":[],"name":"info"},"level":"error","message":"Redis error: NOAUTH Authentication required","service":"unknown","stack":"ReplyError: NOAUTH Authentication required\n    at parseError (/home/neosoft/Documents/ecommerce-microservices/auth-service/node_modules/redis-parser/lib/parser.js:179:12)\n    at parseType (/home/neosoft/Documents/ecommerce-microservices/auth-service/node_modules/redis-parser/lib/parser.js:302:14)","timestamp":"2026-01-12T09:28:16.922Z"}
{"level":"warn","message":"Redis connection closed","service":"unknown","timestamp":"2026-01-12T09:28:16.930Z"}
{"level":"info","message":"Redis connected successfully","service":"unknown","timestamp":"2026-01-12T09:28:18.201Z"}
{"command":{"args":[],"name":"info"},"level":"error","message":"Redis error: NOAUTH Authentication required","service":"unknown","stack":"ReplyError: NOAUTH Authentication required\n    at parseError (/home/neosoft/Documents/ecommerce-microservices/auth-service/node_modules/redis-parser/lib/parser.js:179:12)\n    at parseType (/home/neosoft/Documents/ecommerce-microservices/auth-service/node_modules/redis-parser/lib/parser.js:302:14)","timestamp":"2026-01-12T09:28:18.222Z"}
{"level":"warn","message":"Redis connection closed","service":"unknown","timestamp":"2026-01-12T09:28:18.230Z"}
{"level":"info","message":"Redis connected successfully","service":"unknown","timestamp":"2026-01-12T09:28:19.550Z"}
{"command":{"args":[],"name":"info"},"level":"error","message":"Redis error: NOAUTH Authentication required","service":"unknown","stack":"ReplyError: NOAUTH Authentication required\n    at parseError (/home/neosoft/Documents/ecommerce-microservices/auth-service/node_modules/redis-parser/lib/parser.js:179:12)\n    at parseType (/home/neosoft/Documents/ecommerce-microservices/auth-service/node_modules/redis-parser/lib/parser.js:302:14)","timestamp":"2026-01-12T09:28:19.563Z"}
{"level":"warn","message":"Redis connection closed","service":"unknown","timestamp":"2026-01-12T09:28:19.569Z"}
{"level":"info","message":"Redis connected successfully","service":"unknown","timestamp":"2026-01-12T09:28:20.940Z"}
{"command":{"args":[],"name":"info"},"level":"error","message":"Redis error: NOAUTH Authentication required","service":"unknown","stack":"ReplyError: NOAUTH Authentication required\n    at parseError (/home/neosoft/Documents/ecommerce-microservices/auth-service/node_modules/redis-parser/lib/parser.js:179:12)\n    at parseType (/home/neosoft/Documents/ecommerce-microservices/auth-service/node_modules/redis-parser/lib/parser.js:302:14)","timestamp":"2026-01-12T09:28:20.956Z"}
{"level":"warn","message":"Redis connection closed","service":"unknown","timestamp":"2026-01-12T09:28:20.965Z"}
{"level":"info","message":"Redis connected successfully","service":"unknown","timestamp":"2026-01-12T09:28:22.399Z"}
{"command":{"args":[],"name":"info"},"level":"error","message":"Redis error: NOAUTH Authentication required","service":"unknown","stack":"ReplyError: NOAUTH Authentication required\n    at parseError (/home/neosoft/Documents/ecommerce-microservices/auth-service/node_modules/redis-parser/lib/parser.js:179:12)\n    at parseType (/home/neosoft/Documents/ecommerce-microservices/auth-service/node_modules/redis-parser/lib/parser.js:302:14)","timestamp":"2026-01-12T09:28:22.418Z"}
{"level":"warn","message":"Redis connection closed","service":"unknown","timestamp":"2026-01-12T09:28:22.425Z"}
{"level":"info","message":"SIGINT received, shutting down gracefully","service":"unknown","timestamp":"2026-01-12T09:28:22.692Z"}
