{"level":"error","message":"Failed to start server: getaddrinfo EAI_AGAIN mongodb-srv","reason":{"commonWireVersion":0,"compatible":true,"heartbeatFrequencyMS":10000,"localThresholdMS":15,"logicalSessionTimeoutMinutes":null,"maxElectionId":null,"maxSetVersion":null,"servers":{},"setName":null,"stale":false,"type":"Unknown"},"service":"unknown","stack":"MongooseServerSelectionError: getaddrinfo EAI_AGAIN mongodb-srv\n    at _handleConnectionErrors (/home/neosoft/Documents/ecommerce-microservices/order-service/node_modules/mongoose/lib/connection.js:816:11)\n    at NativeConnection.openUri (/home/neosoft/Documents/ecommerce-microservices/order-service/node_modules/mongoose/lib/connection.js:791:11)\n    at async startServer (/home/neosoft/Documents/ecommerce-microservices/order-service/src/index.js:36:5)","timestamp":"2026-01-02T06:52:22.420Z"}
{"level":"error","message":"Failed to start server: getaddrinfo EAI_AGAIN mongodb-srv","reason":{"commonWireVersion":0,"compatible":true,"heartbeatFrequencyMS":10000,"localThresholdMS":15,"logicalSessionTimeoutMinutes":null,"maxElectionId":null,"maxSetVersion":null,"servers":{},"setName":null,"stale":false,"type":"Unknown"},"service":"unknown","stack":"MongooseServerSelectionError: getaddrinfo EAI_AGAIN mongodb-srv\n    at _handleConnectionErrors (/home/neosoft/Documents/ecommerce-microservices/order-service/node_modules/mongoose/lib/connection.js:816:11)\n    at NativeConnection.openUri (/home/neosoft/Documents/ecommerce-microservices/order-service/node_modules/mongoose/lib/connection.js:791:11)\n    at async startServer (/home/neosoft/Documents/ecommerce-microservices/order-service/src/index.js:36:5)","timestamp":"2026-01-02T06:52:57.702Z"}
{"level":"error","message":"Failed to start server: getaddrinfo EAI_AGAIN mongodb-srv","reason":{"commonWireVersion":0,"compatible":true,"heartbeatFrequencyMS":10000,"localThresholdMS":15,"logicalSessionTimeoutMinutes":null,"maxElectionId":null,"maxSetVersion":null,"servers":{},"setName":null,"stale":false,"type":"Unknown"},"service":"unknown","stack":"MongooseServerSelectionError: getaddrinfo EAI_AGAIN mongodb-srv\n    at _handleConnectionErrors (/home/neosoft/Documents/ecommerce-microservices/order-service/node_modules/mongoose/lib/connection.js:816:11)\n    at NativeConnection.openUri (/home/neosoft/Documents/ecommerce-microservices/order-service/node_modules/mongoose/lib/connection.js:791:11)\n    at async startServer (/home/neosoft/Documents/ecommerce-microservices/order-service/src/index.js:36:5)","timestamp":"2026-01-05T04:21:14.407Z"}
{"level":"error","message":"Failed to start server: getaddrinfo EAI_AGAIN mongodb-srv","reason":{"commonWireVersion":0,"compatible":true,"heartbeatFrequencyMS":10000,"localThresholdMS":15,"logicalSessionTimeoutMinutes":null,"maxElectionId":null,"maxSetVersion":null,"servers":{},"setName":null,"stale":false,"type":"Unknown"},"service":"unknown","stack":"MongooseServerSelectionError: getaddrinfo EAI_AGAIN mongodb-srv\n    at _handleConnectionErrors (/home/neosoft/Documents/ecommerce-microservices/order-service/node_modules/mongoose/lib/connection.js:816:11)\n    at NativeConnection.openUri (/home/neosoft/Documents/ecommerce-microservices/order-service/node_modules/mongoose/lib/connection.js:791:11)\n    at async startServer (/home/neosoft/Documents/ecommerce-microservices/order-service/src/index.js:36:5)","timestamp":"2026-01-05T04:34:31.268Z"}
{"level":"info","message":"MongoDB connected","service":"unknown","timestamp":"2026-01-12T09:31:27.204Z"}
{"level":"info","message":"Redis connected successfully","service":"unknown","timestamp":"2026-01-12T09:31:27.224Z"}
{"command":{"args":[],"name":"info"},"level":"error","message":"Redis error: NOAUTH Authentication required","service":"unknown","stack":"ReplyError: NOAUTH Authentication required\n    at parseError (/home/neosoft/Documents/ecommerce-microservices/order-service/node_modules/redis-parser/lib/parser.js:179:12)\n    at parseType (/home/neosoft/Documents/ecommerce-microservices/order-service/node_modules/redis-parser/lib/parser.js:302:14)","timestamp":"2026-01-12T09:31:27.236Z"}
{"command":{"args":[],"name":"info"},"level":"error","message":"Redis connection failed: NOAUTH Authentication required","service":"unknown","stack":"ReplyError: NOAUTH Authentication required\n    at parseError (/home/neosoft/Documents/ecommerce-microservices/order-service/node_modules/redis-parser/lib/parser.js:179:12)\n    at parseType (/home/neosoft/Documents/ecommerce-microservices/order-service/node_modules/redis-parser/lib/parser.js:302:14)","timestamp":"2026-01-12T09:31:27.237Z"}
{"level":"info","message":"Order Service listening on port 4003","service":"unknown","timestamp":"2026-01-12T09:31:27.239Z"}
{"level":"warn","message":"Redis connection closed","service":"unknown","timestamp":"2026-01-12T09:31:27.246Z"}
{"level":"info","message":"Redis connected successfully","service":"unknown","timestamp":"2026-01-12T09:31:27.385Z"}
{"command":{"args":[],"name":"info"},"level":"error","message":"Redis error: NOAUTH Authentication required","service":"unknown","stack":"ReplyError: NOAUTH Authentication required\n    at parseError (/home/neosoft/Documents/ecommerce-microservices/order-service/node_modules/redis-parser/lib/parser.js:179:12)\n    at parseType (/home/neosoft/Documents/ecommerce-microservices/order-service/node_modules/redis-parser/lib/parser.js:302:14)","timestamp":"2026-01-12T09:31:27.395Z"}
{"level":"warn","message":"Redis connection closed","service":"unknown","timestamp":"2026-01-12T09:31:27.406Z"}
{"level":"info","message":"Redis connected successfully","service":"unknown","timestamp":"2026-01-12T09:31:27.521Z"}
{"command":{"args":[],"name":"info"},"level":"error","message":"Redis error: NOAUTH Authentication required","service":"unknown","stack":"ReplyError: NOAUTH Authentication required\n    at parseError (/home/neosoft/Documents/ecommerce-microservices/order-service/node_modules/redis-parser/lib/parser.js:179:12)\n    at parseType (/home/neosoft/Documents/ecommerce-microservices/order-service/node_modules/redis-parser/lib/parser.js:302:14)","timestamp":"2026-01-12T09:31:27.531Z"}
{"level":"warn","message":"Redis connection closed","service":"unknown","timestamp":"2026-01-12T09:31:27.540Z"}
{"level":"info","message":"Redis connected successfully","service":"unknown","timestamp":"2026-01-12T09:31:27.706Z"}
{"command":{"args":[],"name":"info"},"level":"error","message":"Redis error: NOAUTH Authentication required","service":"unknown","stack":"ReplyError: NOAUTH Authentication required\n    at parseError (/home/neosoft/Documents/ecommerce-microservices/order-service/node_modules/redis-parser/lib/parser.js:179:12)\n    at parseType (/home/neosoft/Documents/ecommerce-microservices/order-service/node_modules/redis-parser/lib/parser.js:302:14)","timestamp":"2026-01-12T09:31:27.717Z"}
{"level":"warn","message":"Redis connection closed","service":"unknown","timestamp":"2026-01-12T09:31:27.722Z"}
{"level":"info","message":"Redis connected successfully","service":"unknown","timestamp":"2026-01-12T09:31:27.939Z"}
{"command":{"args":[],"name":"info"},"level":"error","message":"Redis error: NOAUTH Authentication required","service":"unknown","stack":"ReplyError: NOAUTH Authentication required\n    at parseError (/home/neosoft/Documents/ecommerce-microservices/order-service/node_modules/redis-parser/lib/parser.js:179:12)\n    at parseType (/home/neosoft/Documents/ecommerce-microservices/order-service/node_modules/redis-parser/lib/parser.js:302:14)","timestamp":"2026-01-12T09:31:27.953Z"}
{"level":"warn","message":"Redis connection closed","service":"unknown","timestamp":"2026-01-12T09:31:27.958Z"}
{"level":"info","message":"Redis connected successfully","service":"unknown","timestamp":"2026-01-12T09:31:28.260Z"}
{"command":{"args":[],"name":"info"},"level":"error","message":"Redis error: NOAUTH Authentication required","service":"unknown","stack":"ReplyError: NOAUTH Authentication required\n    at parseError (/home/neosoft/Documents/ecommerce-microservices/order-service/node_modules/redis-parser/lib/parser.js:179:12)\n    at parseType (/home/neosoft/Documents/ecommerce-microservices/order-service/node_modules/redis-parser/lib/parser.js:302:14)","timestamp":"2026-01-12T09:31:28.269Z"}
{"level":"warn","message":"Redis connection closed","service":"unknown","timestamp":"2026-01-12T09:31:28.275Z"}
{"level":"info","message":"Redis connected successfully","service":"unknown","timestamp":"2026-01-12T09:31:28.596Z"}
{"command":{"args":[],"name":"info"},"level":"error","message":"Redis error: NOAUTH Authentication required","service":"unknown","stack":"ReplyError: NOAUTH Authentication required\n    at parseError (/home/neosoft/Documents/ecommerce-microservices/order-service/node_modules/redis-parser/lib/parser.js:179:12)\n    at parseType (/home/neosoft/Documents/ecommerce-microservices/order-service/node_modules/redis-parser/lib/parser.js:302:14)","timestamp":"2026-01-12T09:31:28.609Z"}
{"level":"warn","message":"Redis connection closed","service":"unknown","timestamp":"2026-01-12T09:31:28.615Z"}
{"level":"info","message":"Redis connected successfully","service":"unknown","timestamp":"2026-01-12T09:31:28.985Z"}
{"command":{"args":[],"name":"info"},"level":"error","message":"Redis error: NOAUTH Authentication required","service":"unknown","stack":"ReplyError: NOAUTH Authentication required\n    at parseError (/home/neosoft/Documents/ecommerce-microservices/order-service/node_modules/redis-parser/lib/parser.js:179:12)\n    at parseType (/home/neosoft/Documents/ecommerce-microservices/order-service/node_modules/redis-parser/lib/parser.js:302:14)","timestamp":"2026-01-12T09:31:29.000Z"}
{"level":"warn","message":"Redis connection closed","service":"unknown","timestamp":"2026-01-12T09:31:29.008Z"}
{"level":"info","message":"Redis connected successfully","service":"unknown","timestamp":"2026-01-12T09:31:29.489Z"}
{"command":{"args":[],"name":"info"},"level":"error","message":"Redis error: NOAUTH Authentication required","service":"unknown","stack":"ReplyError: NOAUTH Authentication required\n    at parseError (/home/neosoft/Documents/ecommerce-microservices/order-service/node_modules/redis-parser/lib/parser.js:179:12)\n    at parseType (/home/neosoft/Documents/ecommerce-microservices/order-service/node_modules/redis-parser/lib/parser.js:302:14)","timestamp":"2026-01-12T09:31:29.503Z"}
{"level":"warn","message":"Redis connection closed","service":"unknown","timestamp":"2026-01-12T09:31:29.509Z"}
{"level":"info","message":"Redis connected successfully","service":"unknown","timestamp":"2026-01-12T09:31:29.976Z"}
{"command":{"args":[],"name":"info"},"level":"error","message":"Redis error: NOAUTH Authentication required","service":"unknown","stack":"ReplyError: NOAUTH Authentication required\n    at parseError (/home/neosoft/Documents/ecommerce-microservices/order-service/node_modules/redis-parser/lib/parser.js:179:12)\n    at parseType (/home/neosoft/Documents/ecommerce-microservices/order-service/node_modules/redis-parser/lib/parser.js:302:14)","timestamp":"2026-01-12T09:31:29.987Z"}
{"level":"warn","message":"Redis connection closed","service":"unknown","timestamp":"2026-01-12T09:31:29.992Z"}
{"level":"info","message":"Redis connected successfully","service":"unknown","timestamp":"2026-01-12T09:31:30.519Z"}
{"command":{"args":[],"name":"info"},"level":"error","message":"Redis error: NOAUTH Authentication required","service":"unknown","stack":"ReplyError: NOAUTH Authentication required\n    at parseError (/home/neosoft/Documents/ecommerce-microservices/order-service/node_modules/redis-parser/lib/parser.js:179:12)\n    at parseType (/home/neosoft/Documents/ecommerce-microservices/order-service/node_modules/redis-parser/lib/parser.js:302:14)","timestamp":"2026-01-12T09:31:30.532Z"}
{"level":"warn","message":"Redis connection closed","service":"unknown","timestamp":"2026-01-12T09:31:30.540Z"}
{"level":"info","message":"Redis connected successfully","service":"unknown","timestamp":"2026-01-12T09:31:31.106Z"}
{"command":{"args":[],"name":"info"},"level":"error","message":"Redis error: NOAUTH Authentication required","service":"unknown","stack":"ReplyError: NOAUTH Authentication required\n    at parseError (/home/neosoft/Documents/ecommerce-microservices/order-service/node_modules/redis-parser/lib/parser.js:179:12)\n    at parseType (/home/neosoft/Documents/ecommerce-microservices/order-service/node_modules/redis-parser/lib/parser.js:302:14)","timestamp":"2026-01-12T09:31:31.120Z"}
{"level":"warn","message":"Redis connection closed","service":"unknown","timestamp":"2026-01-12T09:31:31.128Z"}
{"level":"info","message":"Redis connected successfully","service":"unknown","timestamp":"2026-01-12T09:31:31.745Z"}
{"command":{"args":[],"name":"info"},"level":"error","message":"Redis error: NOAUTH Authentication required","service":"unknown","stack":"ReplyError: NOAUTH Authentication required\n    at parseError (/home/neosoft/Documents/ecommerce-microservices/order-service/node_modules/redis-parser/lib/parser.js:179:12)\n    at parseType (/home/neosoft/Documents/ecommerce-microservices/order-service/node_modules/redis-parser/lib/parser.js:302:14)","timestamp":"2026-01-12T09:31:31.770Z"}
{"level":"warn","message":"Redis connection closed","service":"unknown","timestamp":"2026-01-12T09:31:31.776Z"}
{"level":"info","message":"Redis connected successfully","service":"unknown","timestamp":"2026-01-12T09:31:32.442Z"}
{"command":{"args":[],"name":"info"},"level":"error","message":"Redis error: NOAUTH Authentication required","service":"unknown","stack":"ReplyError: NOAUTH Authentication required\n    at parseError (/home/neosoft/Documents/ecommerce-microservices/order-service/node_modules/redis-parser/lib/parser.js:179:12)\n    at parseType (/home/neosoft/Documents/ecommerce-microservices/order-service/node_modules/redis-parser/lib/parser.js:302:14)","timestamp":"2026-01-12T09:31:32.453Z"}
{"level":"warn","message":"Redis connection closed","service":"unknown","timestamp":"2026-01-12T09:31:32.460Z"}
{"level":"info","message":"Redis connected successfully","service":"unknown","timestamp":"2026-01-12T09:31:33.178Z"}
{"command":{"args":[],"name":"info"},"level":"error","message":"Redis error: NOAUTH Authentication required","service":"unknown","stack":"ReplyError: NOAUTH Authentication required\n    at parseError (/home/neosoft/Documents/ecommerce-microservices/order-service/node_modules/redis-parser/lib/parser.js:179:12)\n    at parseType (/home/neosoft/Documents/ecommerce-microservices/order-service/node_modules/redis-parser/lib/parser.js:302:14)","timestamp":"2026-01-12T09:31:33.193Z"}
{"level":"warn","message":"Redis connection closed","service":"unknown","timestamp":"2026-01-12T09:31:33.200Z"}
{"level":"info","message":"Redis connected successfully","service":"unknown","timestamp":"2026-01-12T09:31:34.037Z"}
{"command":{"args":[],"name":"info"},"level":"error","message":"Redis error: NOAUTH Authentication required","service":"unknown","stack":"ReplyError: NOAUTH Authentication required\n    at parseError (/home/neosoft/Documents/ecommerce-microservices/order-service/node_modules/redis-parser/lib/parser.js:179:12)\n    at parseType (/home/neosoft/Documents/ecommerce-microservices/order-service/node_modules/redis-parser/lib/parser.js:302:14)","timestamp":"2026-01-12T09:31:34.060Z"}
{"level":"warn","message":"Redis connection closed","service":"unknown","timestamp":"2026-01-12T09:31:34.070Z"}
{"level":"info","message":"Redis connected successfully","service":"unknown","timestamp":"2026-01-12T09:31:34.882Z"}
{"command":{"args":[],"name":"info"},"level":"error","message":"Redis error: NOAUTH Authentication required","service":"unknown","stack":"ReplyError: NOAUTH Authentication required\n    at parseError (/home/neosoft/Documents/ecommerce-microservices/order-service/node_modules/redis-parser/lib/parser.js:179:12)\n    at parseType (/home/neosoft/Documents/ecommerce-microservices/order-service/node_modules/redis-parser/lib/parser.js:302:14)","timestamp":"2026-01-12T09:31:34.896Z"}
{"level":"warn","message":"Redis connection closed","service":"unknown","timestamp":"2026-01-12T09:31:34.905Z"}
{"level":"info","message":"Redis connected successfully","service":"unknown","timestamp":"2026-01-12T09:31:35.783Z"}
{"command":{"args":[],"name":"info"},"level":"error","message":"Redis error: NOAUTH Authentication required","service":"unknown","stack":"ReplyError: NOAUTH Authentication required\n    at parseError (/home/neosoft/Documents/ecommerce-microservices/order-service/node_modules/redis-parser/lib/parser.js:179:12)\n    at parseType (/home/neosoft/Documents/ecommerce-microservices/order-service/node_modules/redis-parser/lib/parser.js:302:14)","timestamp":"2026-01-12T09:31:35.826Z"}
{"level":"warn","message":"Redis connection closed","service":"unknown","timestamp":"2026-01-12T09:31:35.840Z"}
{"level":"info","message":"Redis connected successfully","service":"unknown","timestamp":"2026-01-12T09:31:36.759Z"}
{"command":{"args":[],"name":"info"},"level":"error","message":"Redis error: NOAUTH Authentication required","service":"unknown","stack":"ReplyError: NOAUTH Authentication required\n    at parseError (/home/neosoft/Documents/ecommerce-microservices/order-service/node_modules/redis-parser/lib/parser.js:179:12)\n    at parseType (/home/neosoft/Documents/ecommerce-microservices/order-service/node_modules/redis-parser/lib/parser.js:302:14)","timestamp":"2026-01-12T09:31:36.782Z"}
{"level":"warn","message":"Redis connection closed","service":"unknown","timestamp":"2026-01-12T09:31:36.788Z"}
{"level":"info","message":"Redis connected successfully","service":"unknown","timestamp":"2026-01-12T09:31:37.757Z"}
{"command":{"args":[],"name":"info"},"level":"error","message":"Redis error: NOAUTH Authentication required","service":"unknown","stack":"ReplyError: NOAUTH Authentication required\n    at parseError (/home/neosoft/Documents/ecommerce-microservices/order-service/node_modules/redis-parser/lib/parser.js:179:12)\n    at parseType (/home/neosoft/Documents/ecommerce-microservices/order-service/node_modules/redis-parser/lib/parser.js:302:14)","timestamp":"2026-01-12T09:31:37.767Z"}
{"level":"warn","message":"Redis connection closed","service":"unknown","timestamp":"2026-01-12T09:31:37.772Z"}
{"level":"info","message":"Redis connected successfully","service":"unknown","timestamp":"2026-01-12T09:31:38.810Z"}
{"command":{"args":[],"name":"info"},"level":"error","message":"Redis error: NOAUTH Authentication required","service":"unknown","stack":"ReplyError: NOAUTH Authentication required\n    at parseError (/home/neosoft/Documents/ecommerce-microservices/order-service/node_modules/redis-parser/lib/parser.js:179:12)\n    at parseType (/home/neosoft/Documents/ecommerce-microservices/order-service/node_modules/redis-parser/lib/parser.js:302:14)","timestamp":"2026-01-12T09:31:38.825Z"}
{"level":"warn","message":"Redis connection closed","service":"unknown","timestamp":"2026-01-12T09:31:38.831Z"}
{"level":"info","message":"Redis connected successfully","service":"unknown","timestamp":"2026-01-12T09:31:39.896Z"}
{"command":{"args":[],"name":"info"},"level":"error","message":"Redis error: NOAUTH Authentication required","service":"unknown","stack":"ReplyError: NOAUTH Authentication required\n    at parseError (/home/neosoft/Documents/ecommerce-microservices/order-service/node_modules/redis-parser/lib/parser.js:179:12)\n    at parseType (/home/neosoft/Documents/ecommerce-microservices/order-service/node_modules/redis-parser/lib/parser.js:302:14)","timestamp":"2026-01-12T09:31:39.906Z"}
{"level":"warn","message":"Redis connection closed","service":"unknown","timestamp":"2026-01-12T09:31:39.911Z"}
{"level":"info","message":"Redis connected successfully","service":"unknown","timestamp":"2026-01-12T09:31:41.033Z"}
{"command":{"args":[],"name":"info"},"level":"error","message":"Redis error: NOAUTH Authentication required","service":"unknown","stack":"ReplyError: NOAUTH Authentication required\n    at parseError (/home/neosoft/Documents/ecommerce-microservices/order-service/node_modules/redis-parser/lib/parser.js:179:12)\n    at parseType (/home/neosoft/Documents/ecommerce-microservices/order-service/node_modules/redis-parser/lib/parser.js:302:14)","timestamp":"2026-01-12T09:31:41.051Z"}
{"level":"warn","message":"Redis connection closed","service":"unknown","timestamp":"2026-01-12T09:31:41.057Z"}
{"level":"info","message":"Redis connected successfully","service":"unknown","timestamp":"2026-01-12T09:31:42.234Z"}
{"command":{"args":[],"name":"info"},"level":"error","message":"Redis error: NOAUTH Authentication required","service":"unknown","stack":"ReplyError: NOAUTH Authentication required\n    at parseError (/home/neosoft/Documents/ecommerce-microservices/order-service/node_modules/redis-parser/lib/parser.js:179:12)\n    at parseType (/home/neosoft/Documents/ecommerce-microservices/order-service/node_modules/redis-parser/lib/parser.js:302:14)","timestamp":"2026-01-12T09:31:42.254Z"}
{"level":"warn","message":"Redis connection closed","service":"unknown","timestamp":"2026-01-12T09:31:42.259Z"}
{"level":"info","message":"Redis connected successfully","service":"unknown","timestamp":"2026-01-12T09:31:43.490Z"}
{"command":{"args":[],"name":"info"},"level":"error","message":"Redis error: NOAUTH Authentication required","service":"unknown","stack":"ReplyError: NOAUTH Authentication required\n    at parseError (/home/neosoft/Documents/ecommerce-microservices/order-service/node_modules/redis-parser/lib/parser.js:179:12)\n    at parseType (/home/neosoft/Documents/ecommerce-microservices/order-service/node_modules/redis-parser/lib/parser.js:302:14)","timestamp":"2026-01-12T09:31:43.509Z"}
{"level":"warn","message":"Redis connection closed","service":"unknown","timestamp":"2026-01-12T09:31:43.531Z"}
{"level":"info","message":"Redis connected successfully","service":"unknown","timestamp":"2026-01-12T09:31:44.822Z"}
{"command":{"args":[],"name":"info"},"level":"error","message":"Redis error: NOAUTH Authentication required","service":"unknown","stack":"ReplyError: NOAUTH Authentication required\n    at parseError (/home/neosoft/Documents/ecommerce-microservices/order-service/node_modules/redis-parser/lib/parser.js:179:12)\n    at parseType (/home/neosoft/Documents/ecommerce-microservices/order-service/node_modules/redis-parser/lib/parser.js:302:14)","timestamp":"2026-01-12T09:31:44.835Z"}
{"level":"warn","message":"Redis connection closed","service":"unknown","timestamp":"2026-01-12T09:31:44.842Z"}
{"level":"info","message":"Redis connected successfully","service":"unknown","timestamp":"2026-01-12T09:31:46.161Z"}
{"command":{"args":[],"name":"info"},"level":"error","message":"Redis error: NOAUTH Authentication required","service":"unknown","stack":"ReplyError: NOAUTH Authentication required\n    at parseError (/home/neosoft/Documents/ecommerce-microservices/order-service/node_modules/redis-parser/lib/parser.js:179:12)\n    at parseType (/home/neosoft/Documents/ecommerce-microservices/order-service/node_modules/redis-parser/lib/parser.js:302:14)","timestamp":"2026-01-12T09:31:46.175Z"}
{"level":"warn","message":"Redis connection closed","service":"unknown","timestamp":"2026-01-12T09:31:46.183Z"}
{"level":"info","message":"Redis connected successfully","service":"unknown","timestamp":"2026-01-12T09:31:47.650Z"}
{"command":{"args":[],"name":"info"},"level":"error","message":"Redis error: NOAUTH Authentication required","service":"unknown","stack":"ReplyError: NOAUTH Authentication required\n    at parseError (/home/neosoft/Documents/ecommerce-microservices/order-service/node_modules/redis-parser/lib/parser.js:179:12)\n    at parseType (/home/neosoft/Documents/ecommerce-microservices/order-service/node_modules/redis-parser/lib/parser.js:302:14)","timestamp":"2026-01-12T09:31:47.668Z"}
{"level":"warn","message":"Redis connection closed","service":"unknown","timestamp":"2026-01-12T09:31:47.673Z"}
{"level":"info","message":"Redis connected successfully","service":"unknown","timestamp":"2026-01-12T09:31:49.105Z"}
{"command":{"args":[],"name":"info"},"level":"error","message":"Redis error: NOAUTH Authentication required","service":"unknown","stack":"ReplyError: NOAUTH Authentication required\n    at parseError (/home/neosoft/Documents/ecommerce-microservices/order-service/node_modules/redis-parser/lib/parser.js:179:12)\n    at parseType (/home/neosoft/Documents/ecommerce-microservices/order-service/node_modules/redis-parser/lib/parser.js:302:14)","timestamp":"2026-01-12T09:31:49.125Z"}
{"level":"warn","message":"Redis connection closed","service":"unknown","timestamp":"2026-01-12T09:31:49.129Z"}
{"level":"info","message":"Redis connected successfully","service":"unknown","timestamp":"2026-01-12T09:31:50.627Z"}
{"command":{"args":[],"name":"info"},"level":"error","message":"Redis error: NOAUTH Authentication required","service":"unknown","stack":"ReplyError: NOAUTH Authentication required\n    at parseError (/home/neosoft/Documents/ecommerce-microservices/order-service/node_modules/redis-parser/lib/parser.js:179:12)\n    at parseType (/home/neosoft/Documents/ecommerce-microservices/order-service/node_modules/redis-parser/lib/parser.js:302:14)","timestamp":"2026-01-12T09:31:50.638Z"}
{"level":"warn","message":"Redis connection closed","service":"unknown","timestamp":"2026-01-12T09:31:50.643Z"}
{"level":"info","message":"Redis connected successfully","service":"unknown","timestamp":"2026-01-12T09:31:52.172Z"}
{"command":{"args":[],"name":"info"},"level":"error","message":"Redis error: NOAUTH Authentication required","service":"unknown","stack":"ReplyError: NOAUTH Authentication required\n    at parseError (/home/neosoft/Documents/ecommerce-microservices/order-service/node_modules/redis-parser/lib/parser.js:179:12)\n    at parseType (/home/neosoft/Documents/ecommerce-microservices/order-service/node_modules/redis-parser/lib/parser.js:302:14)","timestamp":"2026-01-12T09:31:52.187Z"}
{"level":"warn","message":"Redis connection closed","service":"unknown","timestamp":"2026-01-12T09:31:52.192Z"}
{"level":"info","message":"Redis connected successfully","service":"unknown","timestamp":"2026-01-12T09:31:53.763Z"}
{"command":{"args":[],"name":"info"},"level":"error","message":"Redis error: NOAUTH Authentication required","service":"unknown","stack":"ReplyError: NOAUTH Authentication required\n    at parseError (/home/neosoft/Documents/ecommerce-microservices/order-service/node_modules/redis-parser/lib/parser.js:179:12)\n    at parseType (/home/neosoft/Documents/ecommerce-microservices/order-service/node_modules/redis-parser/lib/parser.js:302:14)","timestamp":"2026-01-12T09:31:53.782Z"}
{"level":"warn","message":"Redis connection closed","service":"unknown","timestamp":"2026-01-12T09:31:53.795Z"}
{"level":"info","message":"Redis connected successfully","service":"unknown","timestamp":"2026-01-12T09:31:55.465Z"}
{"command":{"args":[],"name":"info"},"level":"error","message":"Redis error: NOAUTH Authentication required","service":"unknown","stack":"ReplyError: NOAUTH Authentication required\n    at parseError (/home/neosoft/Documents/ecommerce-microservices/order-service/node_modules/redis-parser/lib/parser.js:179:12)\n    at parseType (/home/neosoft/Documents/ecommerce-microservices/order-service/node_modules/redis-parser/lib/parser.js:302:14)","timestamp":"2026-01-12T09:31:55.477Z"}
{"level":"warn","message":"Redis connection closed","service":"unknown","timestamp":"2026-01-12T09:31:55.481Z"}
{"level":"info","message":"Redis connected successfully","service":"unknown","timestamp":"2026-01-12T09:31:57.148Z"}
{"command":{"args":[],"name":"info"},"level":"error","message":"Redis error: NOAUTH Authentication required","service":"unknown","stack":"ReplyError: NOAUTH Authentication required\n    at parseError (/home/neosoft/Documents/ecommerce-microservices/order-service/node_modules/redis-parser/lib/parser.js:179:12)\n    at parseType (/home/neosoft/Documents/ecommerce-microservices/order-service/node_modules/redis-parser/lib/parser.js:302:14)","timestamp":"2026-01-12T09:31:57.163Z"}
{"level":"warn","message":"Redis connection closed","service":"unknown","timestamp":"2026-01-12T09:31:57.169Z"}
{"level":"info","message":"Redis connected successfully","service":"unknown","timestamp":"2026-01-12T09:31:58.890Z"}
{"command":{"args":[],"name":"info"},"level":"error","message":"Redis error: NOAUTH Authentication required","service":"unknown","stack":"ReplyError: NOAUTH Authentication required\n    at parseError (/home/neosoft/Documents/ecommerce-microservices/order-service/node_modules/redis-parser/lib/parser.js:179:12)\n    at parseType (/home/neosoft/Documents/ecommerce-microservices/order-service/node_modules/redis-parser/lib/parser.js:302:14)","timestamp":"2026-01-12T09:31:58.906Z"}
{"level":"warn","message":"Redis connection closed","service":"unknown","timestamp":"2026-01-12T09:31:58.913Z"}
{"level":"info","message":"Redis connected successfully","service":"unknown","timestamp":"2026-01-12T09:32:00.745Z"}
{"command":{"args":[],"name":"info"},"level":"error","message":"Redis error: NOAUTH Authentication required","service":"unknown","stack":"ReplyError: NOAUTH Authentication required\n    at parseError (/home/neosoft/Documents/ecommerce-microservices/order-service/node_modules/redis-parser/lib/parser.js:179:12)\n    at parseType (/home/neosoft/Documents/ecommerce-microservices/order-service/node_modules/redis-parser/lib/parser.js:302:14)","timestamp":"2026-01-12T09:32:00.756Z"}
{"level":"warn","message":"Redis connection closed","service":"unknown","timestamp":"2026-01-12T09:32:00.761Z"}
{"level":"info","message":"Redis connected successfully","service":"unknown","timestamp":"2026-01-12T09:32:02.583Z"}
{"command":{"args":[],"name":"info"},"level":"error","message":"Redis error: NOAUTH Authentication required","service":"unknown","stack":"ReplyError: NOAUTH Authentication required\n    at parseError (/home/neosoft/Documents/ecommerce-microservices/order-service/node_modules/redis-parser/lib/parser.js:179:12)\n    at parseType (/home/neosoft/Documents/ecommerce-microservices/order-service/node_modules/redis-parser/lib/parser.js:302:14)","timestamp":"2026-01-12T09:32:02.596Z"}
{"level":"warn","message":"Redis connection closed","service":"unknown","timestamp":"2026-01-12T09:32:02.606Z"}
{"level":"info","message":"Redis connected successfully","service":"unknown","timestamp":"2026-01-12T09:32:04.476Z"}
{"command":{"args":[],"name":"info"},"level":"error","message":"Redis error: NOAUTH Authentication required","service":"unknown","stack":"ReplyError: NOAUTH Authentication required\n    at parseError (/home/neosoft/Documents/ecommerce-microservices/order-service/node_modules/redis-parser/lib/parser.js:179:12)\n    at parseType (/home/neosoft/Documents/ecommerce-microservices/order-service/node_modules/redis-parser/lib/parser.js:302:14)","timestamp":"2026-01-12T09:32:04.486Z"}
{"level":"warn","message":"Redis connection closed","service":"unknown","timestamp":"2026-01-12T09:32:04.490Z"}
{"level":"info","message":"Redis connected successfully","service":"unknown","timestamp":"2026-01-12T09:32:06.409Z"}
{"command":{"args":[],"name":"info"},"level":"error","message":"Redis error: NOAUTH Authentication required","service":"unknown","stack":"ReplyError: NOAUTH Authentication required\n    at parseError (/home/neosoft/Documents/ecommerce-microservices/order-service/node_modules/redis-parser/lib/parser.js:179:12)\n    at parseType (/home/neosoft/Documents/ecommerce-microservices/order-service/node_modules/redis-parser/lib/parser.js:302:14)","timestamp":"2026-01-12T09:32:06.425Z"}
{"level":"warn","message":"Redis connection closed","service":"unknown","timestamp":"2026-01-12T09:32:06.429Z"}
{"level":"info","message":"Redis connected successfully","service":"unknown","timestamp":"2026-01-12T09:32:08.403Z"}
{"command":{"args":[],"name":"info"},"level":"error","message":"Redis error: NOAUTH Authentication required","service":"unknown","stack":"ReplyError: NOAUTH Authentication required\n    at parseError (/home/neosoft/Documents/ecommerce-microservices/order-service/node_modules/redis-parser/lib/parser.js:179:12)\n    at parseType (/home/neosoft/Documents/ecommerce-microservices/order-service/node_modules/redis-parser/lib/parser.js:302:14)","timestamp":"2026-01-12T09:32:08.418Z"}
{"level":"warn","message":"Redis connection closed","service":"unknown","timestamp":"2026-01-12T09:32:08.427Z"}
{"level":"info","message":"Redis connected successfully","service":"unknown","timestamp":"2026-01-12T09:32:10.445Z"}
{"command":{"args":[],"name":"info"},"level":"error","message":"Redis error: NOAUTH Authentication required","service":"unknown","stack":"ReplyError: NOAUTH Authentication required\n    at parseError (/home/neosoft/Documents/ecommerce-microservices/order-service/node_modules/redis-parser/lib/parser.js:179:12)\n    at parseType (/home/neosoft/Documents/ecommerce-microservices/order-service/node_modules/redis-parser/lib/parser.js:302:14)","timestamp":"2026-01-12T09:32:10.456Z"}
{"level":"warn","message":"Redis connection closed","service":"unknown","timestamp":"2026-01-12T09:32:10.472Z"}
{"level":"info","message":"Redis connected successfully","service":"unknown","timestamp":"2026-01-12T09:32:12.513Z"}
{"command":{"args":[],"name":"info"},"level":"error","message":"Redis error: NOAUTH Authentication required","service":"unknown","stack":"ReplyError: NOAUTH Authentication required\n    at parseError (/home/neosoft/Documents/ecommerce-microservices/order-service/node_modules/redis-parser/lib/parser.js:179:12)\n    at parseType (/home/neosoft/Documents/ecommerce-microservices/order-service/node_modules/redis-parser/lib/parser.js:302:14)","timestamp":"2026-01-12T09:32:12.531Z"}
{"level":"warn","message":"Redis connection closed","service":"unknown","timestamp":"2026-01-12T09:32:12.547Z"}
{"level":"info","message":"Redis connected successfully","service":"unknown","timestamp":"2026-01-12T09:32:14.563Z"}
{"command":{"args":[],"name":"info"},"level":"error","message":"Redis error: NOAUTH Authentication required","service":"unknown","stack":"ReplyError: NOAUTH Authentication required\n    at parseError (/home/neosoft/Documents/ecommerce-microservices/order-service/node_modules/redis-parser/lib/parser.js:179:12)\n    at parseType (/home/neosoft/Documents/ecommerce-microservices/order-service/node_modules/redis-parser/lib/parser.js:302:14)","timestamp":"2026-01-12T09:32:14.576Z"}
{"level":"warn","message":"Redis connection closed","service":"unknown","timestamp":"2026-01-12T09:32:14.582Z"}
{"level":"info","message":"Redis connected successfully","service":"unknown","timestamp":"2026-01-12T09:32:16.628Z"}
{"command":{"args":[],"name":"info"},"level":"error","message":"Redis error: NOAUTH Authentication required","service":"unknown","stack":"ReplyError: NOAUTH Authentication required\n    at parseError (/home/neosoft/Documents/ecommerce-microservices/order-service/node_modules/redis-parser/lib/parser.js:179:12)\n    at parseType (/home/neosoft/Documents/ecommerce-microservices/order-service/node_modules/redis-parser/lib/parser.js:302:14)","timestamp":"2026-01-12T09:32:16.644Z"}
{"level":"warn","message":"Redis connection closed","service":"unknown","timestamp":"2026-01-12T09:32:16.656Z"}
{"level":"info","message":"Redis connected successfully","service":"unknown","timestamp":"2026-01-12T09:32:18.677Z"}
{"command":{"args":[],"name":"info"},"level":"error","message":"Redis error: NOAUTH Authentication required","service":"unknown","stack":"ReplyError: NOAUTH Authentication required\n    at parseError (/home/neosoft/Documents/ecommerce-microservices/order-service/node_modules/redis-parser/lib/parser.js:179:12)\n    at parseType (/home/neosoft/Documents/ecommerce-microservices/order-service/node_modules/redis-parser/lib/parser.js:302:14)","timestamp":"2026-01-12T09:32:18.687Z"}
{"level":"warn","message":"Redis connection closed","service":"unknown","timestamp":"2026-01-12T09:32:18.691Z"}
