{"code":"EAI_AGAIN","errno":-3001,"hostname":"redis-srv","level":"error","message":"Redis error: getaddrinfo EAI_AGAIN redis-srv","service":"unknown","stack":"Error: getaddrinfo EAI_AGAIN redis-srv\n    at GetAddrInfoReqWrap.onlookupall [as oncomplete] (node:dns:122:26)","syscall":"getaddrinfo","timestamp":"2026-01-02T05:37:27.203Z"}
{"level":"warn","message":"Redis connection closed","service":"unknown","timestamp":"2026-01-02T05:37:27.206Z"}
{"code":"EAI_AGAIN","errno":-3001,"hostname":"redis-srv","level":"error","message":"Redis error: getaddrinfo EAI_AGAIN redis-srv","service":"unknown","stack":"Error: getaddrinfo EAI_AGAIN redis-srv\n    at GetAddrInfoReqWrap.onlookupall [as oncomplete] (node:dns:122:26)","syscall":"getaddrinfo","timestamp":"2026-01-02T05:37:27.257Z"}
{"level":"warn","message":"Redis connection closed","service":"unknown","timestamp":"2026-01-02T05:37:27.257Z"}
{"code":"EAI_AGAIN","errno":-3001,"hostname":"redis-srv","level":"error","message":"Redis error: getaddrinfo EAI_AGAIN redis-srv","service":"unknown","stack":"Error: getaddrinfo EAI_AGAIN redis-srv\n    at GetAddrInfoReqWrap.onlookupall [as oncomplete] (node:dns:122:26)","syscall":"getaddrinfo","timestamp":"2026-01-02T05:37:27.359Z"}
{"level":"warn","message":"Redis connection closed","service":"unknown","timestamp":"2026-01-02T05:37:27.360Z"}
{"code":"EAI_AGAIN","errno":-3001,"hostname":"redis-srv","level":"error","message":"Redis error: getaddrinfo EAI_AGAIN redis-srv","service":"unknown","stack":"Error: getaddrinfo EAI_AGAIN redis-srv\n    at GetAddrInfoReqWrap.onlookupall [as oncomplete] (node:dns:122:26)","syscall":"getaddrinfo","timestamp":"2026-01-02T05:37:27.512Z"}
{"level":"warn","message":"Redis connection closed","service":"unknown","timestamp":"2026-01-02T05:37:27.513Z"}
{"code":"EAI_AGAIN","errno":-3001,"hostname":"redis-srv","level":"error","message":"Redis error: getaddrinfo EAI_AGAIN redis-srv","service":"unknown","stack":"Error: getaddrinfo EAI_AGAIN redis-srv\n    at GetAddrInfoReqWrap.onlookupall [as oncomplete] (node:dns:122:26)","syscall":"getaddrinfo","timestamp":"2026-01-02T05:37:27.714Z"}
{"level":"warn","message":"Redis connection closed","service":"unknown","timestamp":"2026-01-02T05:37:27.715Z"}
{"code":"EAI_AGAIN","errno":-3001,"hostname":"redis-srv","level":"error","message":"Redis error: getaddrinfo EAI_AGAIN redis-srv","service":"unknown","stack":"Error: getaddrinfo EAI_AGAIN redis-srv\n    at GetAddrInfoReqWrap.onlookupall [as oncomplete] (node:dns:122:26)","syscall":"getaddrinfo","timestamp":"2026-01-02T05:37:27.966Z"}
{"level":"warn","message":"Redis connection closed","service":"unknown","timestamp":"2026-01-02T05:37:27.966Z"}
{"code":"EAI_AGAIN","errno":-3001,"hostname":"redis-srv","level":"error","message":"Redis error: getaddrinfo EAI_AGAIN redis-srv","service":"unknown","stack":"Error: getaddrinfo EAI_AGAIN redis-srv\n    at GetAddrInfoReqWrap.onlookupall [as oncomplete] (node:dns:122:26)","syscall":"getaddrinfo","timestamp":"2026-01-02T05:37:28.268Z"}
{"level":"warn","message":"Redis connection closed","service":"unknown","timestamp":"2026-01-02T05:37:28.269Z"}
{"code":"EAI_AGAIN","errno":-3001,"hostname":"redis-srv","level":"error","message":"Redis error: getaddrinfo EAI_AGAIN redis-srv","service":"unknown","stack":"Error: getaddrinfo EAI_AGAIN redis-srv\n    at GetAddrInfoReqWrap.onlookupall [as oncomplete] (node:dns:122:26)","syscall":"getaddrinfo","timestamp":"2026-01-02T05:37:28.620Z"}
{"level":"warn","message":"Redis connection closed","service":"unknown","timestamp":"2026-01-02T05:37:28.621Z"}
{"code":"EAI_AGAIN","errno":-3001,"hostname":"redis-srv","level":"error","message":"Redis error: getaddrinfo EAI_AGAIN redis-srv","service":"unknown","stack":"Error: getaddrinfo EAI_AGAIN redis-srv\n    at GetAddrInfoReqWrap.onlookupall [as oncomplete] (node:dns:122:26)","syscall":"getaddrinfo","timestamp":"2026-01-02T05:37:29.022Z"}
{"level":"warn","message":"Redis connection closed","service":"unknown","timestamp":"2026-01-02T05:37:29.022Z"}
{"code":"EAI_AGAIN","errno":-3001,"hostname":"redis-srv","level":"error","message":"Redis error: getaddrinfo EAI_AGAIN redis-srv","service":"unknown","stack":"Error: getaddrinfo EAI_AGAIN redis-srv\n    at GetAddrInfoReqWrap.onlookupall [as oncomplete] (node:dns:122:26)","syscall":"getaddrinfo","timestamp":"2026-01-02T05:37:29.474Z"}
{"level":"warn","message":"Redis connection closed","service":"unknown","timestamp":"2026-01-02T05:37:29.475Z"}
{"code":"EAI_AGAIN","errno":-3001,"hostname":"redis-srv","level":"error","message":"Redis error: getaddrinfo EAI_AGAIN redis-srv","service":"unknown","stack":"Error: getaddrinfo EAI_AGAIN redis-srv\n    at GetAddrInfoReqWrap.onlookupall [as oncomplete] (node:dns:122:26)","syscall":"getaddrinfo","timestamp":"2026-01-02T05:37:29.978Z"}
{"level":"warn","message":"Redis connection closed","service":"unknown","timestamp":"2026-01-02T05:37:29.978Z"}
{"code":"EAI_AGAIN","errno":-3001,"hostname":"redis-srv","level":"error","message":"Redis error: getaddrinfo EAI_AGAIN redis-srv","service":"unknown","stack":"Error: getaddrinfo EAI_AGAIN redis-srv\n    at GetAddrInfoReqWrap.onlookupall [as oncomplete] (node:dns:122:26)","syscall":"getaddrinfo","timestamp":"2026-01-02T05:37:30.530Z"}
{"level":"warn","message":"Redis connection closed","service":"unknown","timestamp":"2026-01-02T05:37:30.530Z"}
{"code":"EAI_AGAIN","errno":-3001,"hostname":"redis-srv","level":"error","message":"Redis error: getaddrinfo EAI_AGAIN redis-srv","service":"unknown","stack":"Error: getaddrinfo EAI_AGAIN redis-srv\n    at GetAddrInfoReqWrap.onlookupall [as oncomplete] (node:dns:122:26)","syscall":"getaddrinfo","timestamp":"2026-01-02T05:37:31.131Z"}
{"level":"warn","message":"Redis connection closed","service":"unknown","timestamp":"2026-01-02T05:37:31.132Z"}
{"code":"EAI_AGAIN","errno":-3001,"hostname":"redis-srv","level":"error","message":"Redis error: getaddrinfo EAI_AGAIN redis-srv","service":"unknown","stack":"Error: getaddrinfo EAI_AGAIN redis-srv\n    at GetAddrInfoReqWrap.onlookupall [as oncomplete] (node:dns:122:26)","syscall":"getaddrinfo","timestamp":"2026-01-02T05:37:31.782Z"}
{"level":"warn","message":"Redis connection closed","service":"unknown","timestamp":"2026-01-02T05:37:31.783Z"}
{"code":"EAI_AGAIN","errno":-3001,"hostname":"redis-srv","level":"error","message":"Redis error: getaddrinfo EAI_AGAIN redis-srv","service":"unknown","stack":"Error: getaddrinfo EAI_AGAIN redis-srv\n    at GetAddrInfoReqWrap.onlookupall [as oncomplete] (node:dns:122:26)","syscall":"getaddrinfo","timestamp":"2026-01-02T05:37:32.485Z"}
{"level":"warn","message":"Redis connection closed","service":"unknown","timestamp":"2026-01-02T05:37:32.485Z"}
{"code":"EAI_AGAIN","errno":-3001,"hostname":"redis-srv","level":"error","message":"Redis error: getaddrinfo EAI_AGAIN redis-srv","service":"unknown","stack":"Error: getaddrinfo EAI_AGAIN redis-srv\n    at GetAddrInfoReqWrap.onlookupall [as oncomplete] (node:dns:122:26)","syscall":"getaddrinfo","timestamp":"2026-01-02T05:37:33.237Z"}
{"level":"warn","message":"Redis connection closed","service":"unknown","timestamp":"2026-01-02T05:37:33.237Z"}
{"code":"EAI_AGAIN","errno":-3001,"hostname":"redis-srv","level":"error","message":"Redis error: getaddrinfo EAI_AGAIN redis-srv","service":"unknown","stack":"Error: getaddrinfo EAI_AGAIN redis-srv\n    at GetAddrInfoReqWrap.onlookupall [as oncomplete] (node:dns:122:26)","syscall":"getaddrinfo","timestamp":"2026-01-02T05:37:34.039Z"}
{"level":"warn","message":"Redis connection closed","service":"unknown","timestamp":"2026-01-02T05:37:34.039Z"}
{"code":"EAI_AGAIN","errno":-3001,"hostname":"redis-srv","level":"error","message":"Redis error: getaddrinfo EAI_AGAIN redis-srv","service":"unknown","stack":"Error: getaddrinfo EAI_AGAIN redis-srv\n    at GetAddrInfoReqWrap.onlookupall [as oncomplete] (node:dns:122:26)","syscall":"getaddrinfo","timestamp":"2026-01-02T05:37:34.891Z"}
{"level":"warn","message":"Redis connection closed","service":"unknown","timestamp":"2026-01-02T05:37:34.891Z"}
{"code":"EAI_AGAIN","errno":-3001,"hostname":"redis-srv","level":"error","message":"Redis error: getaddrinfo EAI_AGAIN redis-srv","service":"unknown","stack":"Error: getaddrinfo EAI_AGAIN redis-srv\n    at GetAddrInfoReqWrap.onlookupall [as oncomplete] (node:dns:122:26)","syscall":"getaddrinfo","timestamp":"2026-01-02T05:37:35.792Z"}
{"level":"warn","message":"Redis connection closed","service":"unknown","timestamp":"2026-01-02T05:37:35.792Z"}
{"code":"EAI_AGAIN","errno":-3001,"hostname":"redis-srv","level":"error","message":"Redis error: getaddrinfo EAI_AGAIN redis-srv","service":"unknown","stack":"Error: getaddrinfo EAI_AGAIN redis-srv\n    at GetAddrInfoReqWrap.onlookupall [as oncomplete] (node:dns:122:26)","syscall":"getaddrinfo","timestamp":"2026-01-02T05:37:36.743Z"}
{"level":"warn","message":"Redis connection closed","service":"unknown","timestamp":"2026-01-02T05:37:36.744Z"}
{"code":"EAI_AGAIN","errno":-3001,"hostname":"redis-srv","level":"error","message":"Redis error: getaddrinfo EAI_AGAIN redis-srv","service":"unknown","stack":"Error: getaddrinfo EAI_AGAIN redis-srv\n    at GetAddrInfoReqWrap.onlookupall [as oncomplete] (node:dns:122:26)","syscall":"getaddrinfo","timestamp":"2026-01-02T05:37:37.745Z"}
{"level":"warn","message":"Redis connection closed","service":"unknown","timestamp":"2026-01-02T05:37:37.745Z"}
{"level":"error","message":"Redis connection failed: Reached the max retries per request limit (which is 20). Refer to \"maxRetriesPerRequest\" option for details.","service":"unknown","stack":"MaxRetriesPerRequestError: Reached the max retries per request limit (which is 20). Refer to \"maxRetriesPerRequest\" option for details.\n    at Socket.<anonymous> (/home/neosoft/Documents/ecommerce-microservices/api-gateway/node_modules/ioredis/built/redis/event_handler.js:207:37)\n    at Object.onceWrapper (node:events:634:26)\n    at Socket.emit (node:events:519:28)\n    at TCP.<anonymous> (node:net:346:12)","timestamp":"2026-01-02T05:37:37.747Z"}
{"level":"info","message":"Redis initialization complete","service":"unknown","timestamp":"2026-01-02T05:37:37.747Z"}
{"level":"info","message":"API Gateway listening on port 3000","service":"unknown","timestamp":"2026-01-02T05:37:37.750Z"}
{"code":"EAI_AGAIN","errno":-3001,"hostname":"redis-srv","level":"error","message":"Redis error: getaddrinfo EAI_AGAIN redis-srv","service":"unknown","stack":"Error: getaddrinfo EAI_AGAIN redis-srv\n    at GetAddrInfoReqWrap.onlookupall [as oncomplete] (node:dns:122:26)","syscall":"getaddrinfo","timestamp":"2026-01-02T05:37:38.797Z"}
{"level":"warn","message":"Redis connection closed","service":"unknown","timestamp":"2026-01-02T05:37:38.797Z"}
{"code":"EAI_AGAIN","errno":-3001,"hostname":"redis-srv","level":"error","message":"Redis error: getaddrinfo EAI_AGAIN redis-srv","service":"unknown","stack":"Error: getaddrinfo EAI_AGAIN redis-srv\n    at GetAddrInfoReqWrap.onlookupall [as oncomplete] (node:dns:122:26)","syscall":"getaddrinfo","timestamp":"2026-01-02T05:37:39.899Z"}
{"level":"warn","message":"Redis connection closed","service":"unknown","timestamp":"2026-01-02T05:37:39.899Z"}
{"code":"EAI_AGAIN","errno":-3001,"hostname":"redis-srv","level":"error","message":"Redis error: getaddrinfo EAI_AGAIN redis-srv","service":"unknown","stack":"Error: getaddrinfo EAI_AGAIN redis-srv\n    at GetAddrInfoReqWrap.onlookupall [as oncomplete] (node:dns:122:26)","syscall":"getaddrinfo","timestamp":"2026-01-02T05:37:41.051Z"}
{"level":"warn","message":"Redis connection closed","service":"unknown","timestamp":"2026-01-02T05:37:41.051Z"}
{"code":"EAI_AGAIN","errno":-3001,"hostname":"redis-srv","level":"error","message":"Redis error: getaddrinfo EAI_AGAIN redis-srv","service":"unknown","stack":"Error: getaddrinfo EAI_AGAIN redis-srv\n    at GetAddrInfoReqWrap.onlookupall [as oncomplete] (node:dns:122:26)","syscall":"getaddrinfo","timestamp":"2026-01-02T05:37:42.252Z"}
{"level":"warn","message":"Redis connection closed","service":"unknown","timestamp":"2026-01-02T05:37:42.252Z"}
{"code":"EAI_AGAIN","errno":-3001,"hostname":"redis-srv","level":"error","message":"Redis error: getaddrinfo EAI_AGAIN redis-srv","service":"unknown","stack":"Error: getaddrinfo EAI_AGAIN redis-srv\n    at GetAddrInfoReqWrap.onlookupall [as oncomplete] (node:dns:122:26)","syscall":"getaddrinfo","timestamp":"2026-01-02T05:37:43.503Z"}
{"level":"warn","message":"Redis connection closed","service":"unknown","timestamp":"2026-01-02T05:37:43.503Z"}
{"code":"EAI_AGAIN","errno":-3001,"hostname":"redis-srv","level":"error","message":"Redis error: getaddrinfo EAI_AGAIN redis-srv","service":"unknown","stack":"Error: getaddrinfo EAI_AGAIN redis-srv\n    at GetAddrInfoReqWrap.onlookupall [as oncomplete] (node:dns:122:26)","syscall":"getaddrinfo","timestamp":"2026-01-02T05:37:44.805Z"}
{"level":"warn","message":"Redis connection closed","service":"unknown","timestamp":"2026-01-02T05:37:44.806Z"}
{"code":"EAI_AGAIN","errno":-3001,"hostname":"redis-srv","level":"error","message":"Redis error: getaddrinfo EAI_AGAIN redis-srv","service":"unknown","stack":"Error: getaddrinfo EAI_AGAIN redis-srv\n    at GetAddrInfoReqWrap.onlookupall [as oncomplete] (node:dns:122:26)","syscall":"getaddrinfo","timestamp":"2026-01-02T05:37:46.159Z"}
{"level":"warn","message":"Redis connection closed","service":"unknown","timestamp":"2026-01-02T05:37:46.160Z"}
{"code":"EAI_AGAIN","errno":-3001,"hostname":"redis-srv","level":"error","message":"Redis error: getaddrinfo EAI_AGAIN redis-srv","service":"unknown","stack":"Error: getaddrinfo EAI_AGAIN redis-srv\n    at GetAddrInfoReqWrap.onlookupall [as oncomplete] (node:dns:122:26)","syscall":"getaddrinfo","timestamp":"2026-01-02T05:37:47.562Z"}
{"level":"warn","message":"Redis connection closed","service":"unknown","timestamp":"2026-01-02T05:37:47.563Z"}
{"code":"EAI_AGAIN","errno":-3001,"hostname":"redis-srv","level":"error","message":"Redis error: getaddrinfo EAI_AGAIN redis-srv","service":"unknown","stack":"Error: getaddrinfo EAI_AGAIN redis-srv\n    at GetAddrInfoReqWrap.onlookupall [as oncomplete] (node:dns:122:26)","syscall":"getaddrinfo","timestamp":"2026-01-02T05:37:49.016Z"}
{"level":"warn","message":"Redis connection closed","service":"unknown","timestamp":"2026-01-02T05:37:49.017Z"}
{"code":"EAI_AGAIN","errno":-3001,"hostname":"redis-srv","level":"error","message":"Redis error: getaddrinfo EAI_AGAIN redis-srv","service":"unknown","stack":"Error: getaddrinfo EAI_AGAIN redis-srv\n    at GetAddrInfoReqWrap.onlookupall [as oncomplete] (node:dns:122:26)","syscall":"getaddrinfo","timestamp":"2026-01-02T05:37:50.519Z"}
{"level":"warn","message":"Redis connection closed","service":"unknown","timestamp":"2026-01-02T05:37:50.519Z"}
{"code":"EAI_AGAIN","errno":-3001,"hostname":"redis-srv","level":"error","message":"Redis error: getaddrinfo EAI_AGAIN redis-srv","service":"unknown","stack":"Error: getaddrinfo EAI_AGAIN redis-srv\n    at GetAddrInfoReqWrap.onlookupall [as oncomplete] (node:dns:122:26)","syscall":"getaddrinfo","timestamp":"2026-01-02T05:37:52.072Z"}
{"level":"warn","message":"Redis connection closed","service":"unknown","timestamp":"2026-01-02T05:37:52.073Z"}
{"code":"EAI_AGAIN","errno":-3001,"hostname":"redis-srv","level":"error","message":"Redis error: getaddrinfo EAI_AGAIN redis-srv","service":"unknown","stack":"Error: getaddrinfo EAI_AGAIN redis-srv\n    at GetAddrInfoReqWrap.onlookupall [as oncomplete] (node:dns:122:26)","syscall":"getaddrinfo","timestamp":"2026-01-02T05:37:53.675Z"}
{"level":"warn","message":"Redis connection closed","service":"unknown","timestamp":"2026-01-02T05:37:53.675Z"}
{"code":"EAI_AGAIN","errno":-3001,"hostname":"redis-srv","level":"error","message":"Redis error: getaddrinfo EAI_AGAIN redis-srv","service":"unknown","stack":"Error: getaddrinfo EAI_AGAIN redis-srv\n    at GetAddrInfoReqWrap.onlookupall [as oncomplete] (node:dns:122:26)","syscall":"getaddrinfo","timestamp":"2026-01-02T05:37:55.326Z"}
{"level":"warn","message":"Redis connection closed","service":"unknown","timestamp":"2026-01-02T05:37:55.327Z"}
{"code":"EAI_AGAIN","errno":-3001,"hostname":"redis-srv","level":"error","message":"Redis error: getaddrinfo EAI_AGAIN redis-srv","service":"unknown","stack":"Error: getaddrinfo EAI_AGAIN redis-srv\n    at GetAddrInfoReqWrap.onlookupall [as oncomplete] (node:dns:122:26)","syscall":"getaddrinfo","timestamp":"2026-01-02T05:37:57.029Z"}
{"level":"warn","message":"Redis connection closed","service":"unknown","timestamp":"2026-01-02T05:37:57.030Z"}
{"code":"EAI_AGAIN","errno":-3001,"hostname":"redis-srv","level":"error","message":"Redis error: getaddrinfo EAI_AGAIN redis-srv","service":"unknown","stack":"Error: getaddrinfo EAI_AGAIN redis-srv\n    at GetAddrInfoReqWrap.onlookupall [as oncomplete] (node:dns:122:26)","syscall":"getaddrinfo","timestamp":"2026-01-02T05:37:58.782Z"}
{"level":"warn","message":"Redis connection closed","service":"unknown","timestamp":"2026-01-02T05:37:58.782Z"}
{"code":"EAI_AGAIN","errno":-3001,"hostname":"redis-srv","level":"error","message":"Redis error: getaddrinfo EAI_AGAIN redis-srv","service":"unknown","stack":"Error: getaddrinfo EAI_AGAIN redis-srv\n    at GetAddrInfoReqWrap.onlookupall [as oncomplete] (node:dns:122:26)","syscall":"getaddrinfo","timestamp":"2026-01-02T05:38:00.583Z"}
{"level":"warn","message":"Redis connection closed","service":"unknown","timestamp":"2026-01-02T05:38:00.584Z"}
{"code":"EAI_AGAIN","errno":-3001,"hostname":"redis-srv","level":"error","message":"Redis error: getaddrinfo EAI_AGAIN redis-srv","service":"unknown","stack":"Error: getaddrinfo EAI_AGAIN redis-srv\n    at GetAddrInfoReqWrap.onlookupall [as oncomplete] (node:dns:122:26)","syscall":"getaddrinfo","timestamp":"2026-01-02T05:38:02.436Z"}
{"level":"warn","message":"Redis connection closed","service":"unknown","timestamp":"2026-01-02T05:38:02.437Z"}
{"code":"EAI_AGAIN","errno":-3001,"hostname":"redis-srv","level":"error","message":"Redis error: getaddrinfo EAI_AGAIN redis-srv","service":"unknown","stack":"Error: getaddrinfo EAI_AGAIN redis-srv\n    at GetAddrInfoReqWrap.onlookupall [as oncomplete] (node:dns:122:26)","syscall":"getaddrinfo","timestamp":"2026-01-02T05:38:04.338Z"}
{"level":"warn","message":"Redis connection closed","service":"unknown","timestamp":"2026-01-02T05:38:04.339Z"}
{"code":"EAI_AGAIN","errno":-3001,"hostname":"redis-srv","level":"error","message":"Redis error: getaddrinfo EAI_AGAIN redis-srv","service":"unknown","stack":"Error: getaddrinfo EAI_AGAIN redis-srv\n    at GetAddrInfoReqWrap.onlookupall [as oncomplete] (node:dns:122:26)","syscall":"getaddrinfo","timestamp":"2026-01-02T05:38:06.291Z"}
{"level":"warn","message":"Redis connection closed","service":"unknown","timestamp":"2026-01-02T05:38:06.292Z"}
{"code":"EAI_AGAIN","errno":-3001,"hostname":"redis-srv","level":"error","message":"Redis error: getaddrinfo EAI_AGAIN redis-srv","service":"unknown","stack":"Error: getaddrinfo EAI_AGAIN redis-srv\n    at GetAddrInfoReqWrap.onlookupall [as oncomplete] (node:dns:122:26)","syscall":"getaddrinfo","timestamp":"2026-01-02T05:38:08.293Z"}
{"level":"warn","message":"Redis connection closed","service":"unknown","timestamp":"2026-01-02T05:38:08.294Z"}
{"code":"EAI_AGAIN","errno":-3001,"hostname":"redis-srv","level":"error","message":"Redis error: getaddrinfo EAI_AGAIN redis-srv","service":"unknown","stack":"Error: getaddrinfo EAI_AGAIN redis-srv\n    at GetAddrInfoReqWrap.onlookupall [as oncomplete] (node:dns:122:26)","syscall":"getaddrinfo","timestamp":"2026-01-02T05:38:10.295Z"}
{"level":"warn","message":"Redis connection closed","service":"unknown","timestamp":"2026-01-02T05:38:10.296Z"}
{"code":"EAI_AGAIN","errno":-3001,"hostname":"redis-srv","level":"error","message":"Redis error: getaddrinfo EAI_AGAIN redis-srv","service":"unknown","stack":"Error: getaddrinfo EAI_AGAIN redis-srv\n    at GetAddrInfoReqWrap.onlookupall [as oncomplete] (node:dns:122:26)","syscall":"getaddrinfo","timestamp":"2026-01-02T05:38:12.298Z"}
{"level":"warn","message":"Redis connection closed","service":"unknown","timestamp":"2026-01-02T05:38:12.299Z"}
{"code":"EAI_AGAIN","errno":-3001,"hostname":"redis-srv","level":"error","message":"Redis error: getaddrinfo EAI_AGAIN redis-srv","service":"unknown","stack":"Error: getaddrinfo EAI_AGAIN redis-srv\n    at GetAddrInfoReqWrap.onlookupall [as oncomplete] (node:dns:122:26)","syscall":"getaddrinfo","timestamp":"2026-01-02T05:38:14.301Z"}
{"level":"warn","message":"Redis connection closed","service":"unknown","timestamp":"2026-01-02T05:38:14.301Z"}
{"code":"EAI_AGAIN","errno":-3001,"hostname":"redis-srv","level":"error","message":"Redis error: getaddrinfo EAI_AGAIN redis-srv","service":"unknown","stack":"Error: getaddrinfo EAI_AGAIN redis-srv\n    at GetAddrInfoReqWrap.onlookupall [as oncomplete] (node:dns:122:26)","syscall":"getaddrinfo","timestamp":"2026-01-02T05:38:16.303Z"}
{"level":"warn","message":"Redis connection closed","service":"unknown","timestamp":"2026-01-02T05:38:16.304Z"}
{"code":"EAI_AGAIN","errno":-3001,"hostname":"redis-srv","level":"error","message":"Redis error: getaddrinfo EAI_AGAIN redis-srv","service":"unknown","stack":"Error: getaddrinfo EAI_AGAIN redis-srv\n    at GetAddrInfoReqWrap.onlookupall [as oncomplete] (node:dns:122:26)","syscall":"getaddrinfo","timestamp":"2026-01-02T05:38:18.307Z"}
{"level":"warn","message":"Redis connection closed","service":"unknown","timestamp":"2026-01-02T05:38:18.307Z"}
{"code":"EAI_AGAIN","errno":-3001,"hostname":"redis-srv","level":"error","message":"Redis error: getaddrinfo EAI_AGAIN redis-srv","service":"unknown","stack":"Error: getaddrinfo EAI_AGAIN redis-srv\n    at GetAddrInfoReqWrap.onlookupall [as oncomplete] (node:dns:122:26)","syscall":"getaddrinfo","timestamp":"2026-01-02T05:38:20.310Z"}
{"level":"warn","message":"Redis connection closed","service":"unknown","timestamp":"2026-01-02T05:38:20.310Z"}
{"code":"EAI_AGAIN","errno":-3001,"hostname":"redis-srv","level":"error","message":"Redis error: getaddrinfo EAI_AGAIN redis-srv","service":"unknown","stack":"Error: getaddrinfo EAI_AGAIN redis-srv\n    at GetAddrInfoReqWrap.onlookupall [as oncomplete] (node:dns:122:26)","syscall":"getaddrinfo","timestamp":"2026-01-02T05:38:22.311Z"}
{"level":"warn","message":"Redis connection closed","service":"unknown","timestamp":"2026-01-02T05:38:22.312Z"}
{"code":"EAI_AGAIN","errno":-3001,"hostname":"redis-srv","level":"error","message":"Redis error: getaddrinfo EAI_AGAIN redis-srv","service":"unknown","stack":"Error: getaddrinfo EAI_AGAIN redis-srv\n    at GetAddrInfoReqWrap.onlookupall [as oncomplete] (node:dns:122:26)","syscall":"getaddrinfo","timestamp":"2026-01-02T05:38:24.315Z"}
{"level":"warn","message":"Redis connection closed","service":"unknown","timestamp":"2026-01-02T05:38:24.316Z"}
{"code":"EAI_AGAIN","errno":-3001,"hostname":"redis-srv","level":"error","message":"Redis error: getaddrinfo EAI_AGAIN redis-srv","service":"unknown","stack":"Error: getaddrinfo EAI_AGAIN redis-srv\n    at GetAddrInfoReqWrap.onlookupall [as oncomplete] (node:dns:122:26)","syscall":"getaddrinfo","timestamp":"2026-01-02T05:38:26.318Z"}
{"level":"warn","message":"Redis connection closed","service":"unknown","timestamp":"2026-01-02T05:38:26.319Z"}
{"code":"EAI_AGAIN","errno":-3001,"hostname":"redis-srv","level":"error","message":"Redis error: getaddrinfo EAI_AGAIN redis-srv","service":"unknown","stack":"Error: getaddrinfo EAI_AGAIN redis-srv\n    at GetAddrInfoReqWrap.onlookupall [as oncomplete] (node:dns:122:26)","syscall":"getaddrinfo","timestamp":"2026-01-02T05:38:28.322Z"}
{"level":"warn","message":"Redis connection closed","service":"unknown","timestamp":"2026-01-02T05:38:28.323Z"}
{"code":"EAI_AGAIN","errno":-3001,"hostname":"redis-srv","level":"error","message":"Redis error: getaddrinfo EAI_AGAIN redis-srv","service":"unknown","stack":"Error: getaddrinfo EAI_AGAIN redis-srv\n    at GetAddrInfoReqWrap.onlookupall [as oncomplete] (node:dns:122:26)","syscall":"getaddrinfo","timestamp":"2026-01-02T05:38:30.326Z"}
{"level":"warn","message":"Redis connection closed","service":"unknown","timestamp":"2026-01-02T05:38:30.327Z"}
{"code":"EAI_AGAIN","errno":-3001,"hostname":"redis-srv","level":"error","message":"Redis error: getaddrinfo EAI_AGAIN redis-srv","service":"unknown","stack":"Error: getaddrinfo EAI_AGAIN redis-srv\n    at GetAddrInfoReqWrap.onlookupall [as oncomplete] (node:dns:122:26)","syscall":"getaddrinfo","timestamp":"2026-01-02T05:38:32.327Z"}
{"level":"warn","message":"Redis connection closed","service":"unknown","timestamp":"2026-01-02T05:38:32.327Z"}
{"code":"EAI_AGAIN","errno":-3001,"hostname":"redis-srv","level":"error","message":"Redis error: getaddrinfo EAI_AGAIN redis-srv","service":"unknown","stack":"Error: getaddrinfo EAI_AGAIN redis-srv\n    at GetAddrInfoReqWrap.onlookupall [as oncomplete] (node:dns:122:26)","syscall":"getaddrinfo","timestamp":"2026-01-02T05:38:34.329Z"}
{"level":"warn","message":"Redis connection closed","service":"unknown","timestamp":"2026-01-02T05:38:34.329Z"}
{"code":"EAI_AGAIN","errno":-3001,"hostname":"redis-srv","level":"error","message":"Redis error: getaddrinfo EAI_AGAIN redis-srv","service":"unknown","stack":"Error: getaddrinfo EAI_AGAIN redis-srv\n    at GetAddrInfoReqWrap.onlookupall [as oncomplete] (node:dns:122:26)","syscall":"getaddrinfo","timestamp":"2026-01-02T05:38:36.331Z"}
{"level":"warn","message":"Redis connection closed","service":"unknown","timestamp":"2026-01-02T05:38:36.332Z"}
{"code":"EAI_AGAIN","errno":-3001,"hostname":"redis-srv","level":"error","message":"Redis error: getaddrinfo EAI_AGAIN redis-srv","service":"unknown","stack":"Error: getaddrinfo EAI_AGAIN redis-srv\n    at GetAddrInfoReqWrap.onlookupall [as oncomplete] (node:dns:122:26)","syscall":"getaddrinfo","timestamp":"2026-01-02T05:38:38.333Z"}
{"level":"warn","message":"Redis connection closed","service":"unknown","timestamp":"2026-01-02T05:38:38.333Z"}
{"code":"EAI_AGAIN","errno":-3001,"hostname":"redis-srv","level":"error","message":"Redis error: getaddrinfo EAI_AGAIN redis-srv","service":"unknown","stack":"Error: getaddrinfo EAI_AGAIN redis-srv\n    at GetAddrInfoReqWrap.onlookupall [as oncomplete] (node:dns:122:26)","syscall":"getaddrinfo","timestamp":"2026-01-02T05:38:40.335Z"}
{"level":"warn","message":"Redis connection closed","service":"unknown","timestamp":"2026-01-02T05:38:40.336Z"}
{"code":"EAI_AGAIN","errno":-3001,"hostname":"redis-srv","level":"error","message":"Redis error: getaddrinfo EAI_AGAIN redis-srv","service":"unknown","stack":"Error: getaddrinfo EAI_AGAIN redis-srv\n    at GetAddrInfoReqWrap.onlookupall [as oncomplete] (node:dns:122:26)","syscall":"getaddrinfo","timestamp":"2026-01-02T05:38:42.336Z"}
{"level":"warn","message":"Redis connection closed","service":"unknown","timestamp":"2026-01-02T05:38:42.336Z"}
{"code":"EAI_AGAIN","errno":-3001,"hostname":"redis-srv","level":"error","message":"Redis error: getaddrinfo EAI_AGAIN redis-srv","service":"unknown","stack":"Error: getaddrinfo EAI_AGAIN redis-srv\n    at GetAddrInfoReqWrap.onlookupall [as oncomplete] (node:dns:122:26)","syscall":"getaddrinfo","timestamp":"2026-01-02T05:38:44.338Z"}
{"level":"warn","message":"Redis connection closed","service":"unknown","timestamp":"2026-01-02T05:38:44.339Z"}
{"code":"EAI_AGAIN","errno":-3001,"hostname":"redis-srv","level":"error","message":"Redis error: getaddrinfo EAI_AGAIN redis-srv","service":"unknown","stack":"Error: getaddrinfo EAI_AGAIN redis-srv\n    at GetAddrInfoReqWrap.onlookupall [as oncomplete] (node:dns:122:26)","syscall":"getaddrinfo","timestamp":"2026-01-02T05:38:46.340Z"}
{"level":"warn","message":"Redis connection closed","service":"unknown","timestamp":"2026-01-02T05:38:46.341Z"}
{"code":"EAI_AGAIN","errno":-3001,"hostname":"redis-srv","level":"error","message":"Redis error: getaddrinfo EAI_AGAIN redis-srv","service":"unknown","stack":"Error: getaddrinfo EAI_AGAIN redis-srv\n    at GetAddrInfoReqWrap.onlookupall [as oncomplete] (node:dns:122:26)","syscall":"getaddrinfo","timestamp":"2026-01-02T05:38:48.342Z"}
{"level":"warn","message":"Redis connection closed","service":"unknown","timestamp":"2026-01-02T05:38:48.343Z"}
{"code":"EAI_AGAIN","errno":-3001,"hostname":"redis-srv","level":"error","message":"Redis error: getaddrinfo EAI_AGAIN redis-srv","service":"unknown","stack":"Error: getaddrinfo EAI_AGAIN redis-srv\n    at GetAddrInfoReqWrap.onlookupall [as oncomplete] (node:dns:122:26)","syscall":"getaddrinfo","timestamp":"2026-01-02T05:38:50.345Z"}
{"level":"warn","message":"Redis connection closed","service":"unknown","timestamp":"2026-01-02T05:38:50.345Z"}
{"code":"EAI_AGAIN","errno":-3001,"hostname":"redis-srv","level":"error","message":"Redis error: getaddrinfo EAI_AGAIN redis-srv","service":"unknown","stack":"Error: getaddrinfo EAI_AGAIN redis-srv\n    at GetAddrInfoReqWrap.onlookupall [as oncomplete] (node:dns:122:26)","syscall":"getaddrinfo","timestamp":"2026-01-02T05:38:52.346Z"}
{"level":"warn","message":"Redis connection closed","service":"unknown","timestamp":"2026-01-02T05:38:52.347Z"}
{"code":"EAI_AGAIN","errno":-3001,"hostname":"redis-srv","level":"error","message":"Redis error: getaddrinfo EAI_AGAIN redis-srv","service":"unknown","stack":"Error: getaddrinfo EAI_AGAIN redis-srv\n    at GetAddrInfoReqWrap.onlookupall [as oncomplete] (node:dns:122:26)","syscall":"getaddrinfo","timestamp":"2026-01-02T05:38:54.348Z"}
{"level":"warn","message":"Redis connection closed","service":"unknown","timestamp":"2026-01-02T05:38:54.348Z"}
{"code":"EAI_AGAIN","errno":-3001,"hostname":"redis-srv","level":"error","message":"Redis error: getaddrinfo EAI_AGAIN redis-srv","service":"unknown","stack":"Error: getaddrinfo EAI_AGAIN redis-srv\n    at GetAddrInfoReqWrap.onlookupall [as oncomplete] (node:dns:122:26)","syscall":"getaddrinfo","timestamp":"2026-01-02T05:38:56.350Z"}
{"level":"warn","message":"Redis connection closed","service":"unknown","timestamp":"2026-01-02T05:38:56.351Z"}
{"code":"EAI_AGAIN","errno":-3001,"hostname":"redis-srv","level":"error","message":"Redis error: getaddrinfo EAI_AGAIN redis-srv","service":"unknown","stack":"Error: getaddrinfo EAI_AGAIN redis-srv\n    at GetAddrInfoReqWrap.onlookupall [as oncomplete] (node:dns:122:26)","syscall":"getaddrinfo","timestamp":"2026-01-02T05:38:58.353Z"}
{"level":"warn","message":"Redis connection closed","service":"unknown","timestamp":"2026-01-02T05:38:58.353Z"}
{"code":"EAI_AGAIN","errno":-3001,"hostname":"redis-srv","level":"error","message":"Redis error: getaddrinfo EAI_AGAIN redis-srv","service":"unknown","stack":"Error: getaddrinfo EAI_AGAIN redis-srv\n    at GetAddrInfoReqWrap.onlookupall [as oncomplete] (node:dns:122:26)","syscall":"getaddrinfo","timestamp":"2026-01-02T05:39:00.356Z"}
{"level":"warn","message":"Redis connection closed","service":"unknown","timestamp":"2026-01-02T05:39:00.356Z"}
{"code":"EAI_AGAIN","errno":-3001,"hostname":"redis-srv","level":"error","message":"Redis error: getaddrinfo EAI_AGAIN redis-srv","service":"unknown","stack":"Error: getaddrinfo EAI_AGAIN redis-srv\n    at GetAddrInfoReqWrap.onlookupall [as oncomplete] (node:dns:122:26)","syscall":"getaddrinfo","timestamp":"2026-01-02T05:39:02.357Z"}
{"level":"warn","message":"Redis connection closed","service":"unknown","timestamp":"2026-01-02T05:39:02.357Z"}
{"code":"EAI_AGAIN","errno":-3001,"hostname":"redis-srv","level":"error","message":"Redis error: getaddrinfo EAI_AGAIN redis-srv","service":"unknown","stack":"Error: getaddrinfo EAI_AGAIN redis-srv\n    at GetAddrInfoReqWrap.onlookupall [as oncomplete] (node:dns:122:26)","syscall":"getaddrinfo","timestamp":"2026-01-02T05:39:04.359Z"}
{"level":"warn","message":"Redis connection closed","service":"unknown","timestamp":"2026-01-02T05:39:04.359Z"}
{"code":"EAI_AGAIN","errno":-3001,"hostname":"redis-srv","level":"error","message":"Redis error: getaddrinfo EAI_AGAIN redis-srv","service":"unknown","stack":"Error: getaddrinfo EAI_AGAIN redis-srv\n    at GetAddrInfoReqWrap.onlookupall [as oncomplete] (node:dns:122:26)","syscall":"getaddrinfo","timestamp":"2026-01-02T05:39:06.361Z"}
{"level":"warn","message":"Redis connection closed","service":"unknown","timestamp":"2026-01-02T05:39:06.362Z"}
{"code":"EAI_AGAIN","errno":-3001,"hostname":"redis-srv","level":"error","message":"Redis error: getaddrinfo EAI_AGAIN redis-srv","service":"unknown","stack":"Error: getaddrinfo EAI_AGAIN redis-srv\n    at GetAddrInfoReqWrap.onlookupall [as oncomplete] (node:dns:122:26)","syscall":"getaddrinfo","timestamp":"2026-01-02T05:39:08.362Z"}
{"level":"warn","message":"Redis connection closed","service":"unknown","timestamp":"2026-01-02T05:39:08.362Z"}
{"code":"EAI_AGAIN","errno":-3001,"hostname":"redis-srv","level":"error","message":"Redis error: getaddrinfo EAI_AGAIN redis-srv","service":"unknown","stack":"Error: getaddrinfo EAI_AGAIN redis-srv\n    at GetAddrInfoReqWrap.onlookupall [as oncomplete] (node:dns:122:26)","syscall":"getaddrinfo","timestamp":"2026-01-02T05:39:10.364Z"}
{"level":"warn","message":"Redis connection closed","service":"unknown","timestamp":"2026-01-02T05:39:10.364Z"}
{"code":"EAI_AGAIN","errno":-3001,"hostname":"redis-srv","level":"error","message":"Redis error: getaddrinfo EAI_AGAIN redis-srv","service":"unknown","stack":"Error: getaddrinfo EAI_AGAIN redis-srv\n    at GetAddrInfoReqWrap.onlookupall [as oncomplete] (node:dns:122:26)","syscall":"getaddrinfo","timestamp":"2026-01-02T05:39:12.364Z"}
{"level":"warn","message":"Redis connection closed","service":"unknown","timestamp":"2026-01-02T05:39:12.365Z"}
{"code":"EAI_AGAIN","errno":-3001,"hostname":"redis-srv","level":"error","message":"Redis error: getaddrinfo EAI_AGAIN redis-srv","service":"unknown","stack":"Error: getaddrinfo EAI_AGAIN redis-srv\n    at GetAddrInfoReqWrap.onlookupall [as oncomplete] (node:dns:122:26)","syscall":"getaddrinfo","timestamp":"2026-01-02T05:39:14.366Z"}
{"level":"warn","message":"Redis connection closed","service":"unknown","timestamp":"2026-01-02T05:39:14.367Z"}
{"code":"EAI_AGAIN","errno":-3001,"hostname":"redis-srv","level":"error","message":"Redis error: getaddrinfo EAI_AGAIN redis-srv","service":"unknown","stack":"Error: getaddrinfo EAI_AGAIN redis-srv\n    at GetAddrInfoReqWrap.onlookupall [as oncomplete] (node:dns:122:26)","syscall":"getaddrinfo","timestamp":"2026-01-02T05:39:16.368Z"}
{"level":"warn","message":"Redis connection closed","service":"unknown","timestamp":"2026-01-02T05:39:16.368Z"}
{"code":"EAI_AGAIN","errno":-3001,"hostname":"redis-srv","level":"error","message":"Redis error: getaddrinfo EAI_AGAIN redis-srv","service":"unknown","stack":"Error: getaddrinfo EAI_AGAIN redis-srv\n    at GetAddrInfoReqWrap.onlookupall [as oncomplete] (node:dns:122:26)","syscall":"getaddrinfo","timestamp":"2026-01-02T05:39:18.370Z"}
{"level":"warn","message":"Redis connection closed","service":"unknown","timestamp":"2026-01-02T05:39:18.370Z"}
{"code":"EAI_AGAIN","errno":-3001,"hostname":"redis-srv","level":"error","message":"Redis error: getaddrinfo EAI_AGAIN redis-srv","service":"unknown","stack":"Error: getaddrinfo EAI_AGAIN redis-srv\n    at GetAddrInfoReqWrap.onlookupall [as oncomplete] (node:dns:122:26)","syscall":"getaddrinfo","timestamp":"2026-01-02T05:39:20.372Z"}
{"level":"warn","message":"Redis connection closed","service":"unknown","timestamp":"2026-01-02T05:39:20.372Z"}
{"code":"EAI_AGAIN","errno":-3001,"hostname":"redis-srv","level":"error","message":"Redis error: getaddrinfo EAI_AGAIN redis-srv","service":"unknown","stack":"Error: getaddrinfo EAI_AGAIN redis-srv\n    at GetAddrInfoReqWrap.onlookupall [as oncomplete] (node:dns:122:26)","syscall":"getaddrinfo","timestamp":"2026-01-02T05:39:22.373Z"}
{"level":"warn","message":"Redis connection closed","service":"unknown","timestamp":"2026-01-02T05:39:22.374Z"}
{"code":"EAI_AGAIN","errno":-3001,"hostname":"redis-srv","level":"error","message":"Redis error: getaddrinfo EAI_AGAIN redis-srv","service":"unknown","stack":"Error: getaddrinfo EAI_AGAIN redis-srv\n    at GetAddrInfoReqWrap.onlookupall [as oncomplete] (node:dns:122:26)","syscall":"getaddrinfo","timestamp":"2026-01-02T05:39:24.377Z"}
{"level":"warn","message":"Redis connection closed","service":"unknown","timestamp":"2026-01-02T05:39:24.378Z"}
{"code":"EAI_AGAIN","errno":-3001,"hostname":"redis-srv","level":"error","message":"Redis error: getaddrinfo EAI_AGAIN redis-srv","service":"unknown","stack":"Error: getaddrinfo EAI_AGAIN redis-srv\n    at GetAddrInfoReqWrap.onlookupall [as oncomplete] (node:dns:122:26)","syscall":"getaddrinfo","timestamp":"2026-01-02T05:39:26.381Z"}
{"level":"warn","message":"Redis connection closed","service":"unknown","timestamp":"2026-01-02T05:39:26.381Z"}
{"code":"EAI_AGAIN","errno":-3001,"hostname":"redis-srv","level":"error","message":"Redis error: getaddrinfo EAI_AGAIN redis-srv","service":"unknown","stack":"Error: getaddrinfo EAI_AGAIN redis-srv\n    at GetAddrInfoReqWrap.onlookupall [as oncomplete] (node:dns:122:26)","syscall":"getaddrinfo","timestamp":"2026-01-02T05:39:28.383Z"}
{"level":"warn","message":"Redis connection closed","service":"unknown","timestamp":"2026-01-02T05:39:28.384Z"}
{"code":"EAI_AGAIN","errno":-3001,"hostname":"redis-srv","level":"error","message":"Redis error: getaddrinfo EAI_AGAIN redis-srv","service":"unknown","stack":"Error: getaddrinfo EAI_AGAIN redis-srv\n    at GetAddrInfoReqWrap.onlookupall [as oncomplete] (node:dns:122:26)","syscall":"getaddrinfo","timestamp":"2026-01-02T05:39:30.386Z"}
{"level":"warn","message":"Redis connection closed","service":"unknown","timestamp":"2026-01-02T05:39:30.387Z"}
{"code":"EAI_AGAIN","errno":-3001,"hostname":"redis-srv","level":"error","message":"Redis error: getaddrinfo EAI_AGAIN redis-srv","service":"unknown","stack":"Error: getaddrinfo EAI_AGAIN redis-srv\n    at GetAddrInfoReqWrap.onlookupall [as oncomplete] (node:dns:122:26)","syscall":"getaddrinfo","timestamp":"2026-01-02T05:39:32.387Z"}
{"level":"warn","message":"Redis connection closed","service":"unknown","timestamp":"2026-01-02T05:39:32.387Z"}
{"code":"EAI_AGAIN","errno":-3001,"hostname":"redis-srv","level":"error","message":"Redis error: getaddrinfo EAI_AGAIN redis-srv","service":"unknown","stack":"Error: getaddrinfo EAI_AGAIN redis-srv\n    at GetAddrInfoReqWrap.onlookupall [as oncomplete] (node:dns:122:26)","syscall":"getaddrinfo","timestamp":"2026-01-02T05:39:34.389Z"}
{"level":"warn","message":"Redis connection closed","service":"unknown","timestamp":"2026-01-02T05:39:34.390Z"}
{"code":"EAI_AGAIN","errno":-3001,"hostname":"redis-srv","level":"error","message":"Redis error: getaddrinfo EAI_AGAIN redis-srv","service":"unknown","stack":"Error: getaddrinfo EAI_AGAIN redis-srv\n    at GetAddrInfoReqWrap.onlookupall [as oncomplete] (node:dns:122:26)","syscall":"getaddrinfo","timestamp":"2026-01-02T05:39:36.391Z"}
{"level":"warn","message":"Redis connection closed","service":"unknown","timestamp":"2026-01-02T05:39:36.392Z"}
{"code":"EAI_AGAIN","errno":-3001,"hostname":"redis-srv","level":"error","message":"Redis error: getaddrinfo EAI_AGAIN redis-srv","service":"unknown","stack":"Error: getaddrinfo EAI_AGAIN redis-srv\n    at GetAddrInfoReqWrap.onlookupall [as oncomplete] (node:dns:122:26)","syscall":"getaddrinfo","timestamp":"2026-01-02T05:39:38.393Z"}
{"level":"warn","message":"Redis connection closed","service":"unknown","timestamp":"2026-01-02T05:39:38.393Z"}
{"code":"EAI_AGAIN","errno":-3001,"hostname":"redis-srv","level":"error","message":"Redis error: getaddrinfo EAI_AGAIN redis-srv","service":"unknown","stack":"Error: getaddrinfo EAI_AGAIN redis-srv\n    at GetAddrInfoReqWrap.onlookupall [as oncomplete] (node:dns:122:26)","syscall":"getaddrinfo","timestamp":"2026-01-02T05:39:40.396Z"}
{"level":"warn","message":"Redis connection closed","service":"unknown","timestamp":"2026-01-02T05:39:40.397Z"}
{"code":"EAI_AGAIN","errno":-3001,"hostname":"redis-srv","level":"error","message":"Redis error: getaddrinfo EAI_AGAIN redis-srv","service":"unknown","stack":"Error: getaddrinfo EAI_AGAIN redis-srv\n    at GetAddrInfoReqWrap.onlookupall [as oncomplete] (node:dns:122:26)","syscall":"getaddrinfo","timestamp":"2026-01-02T05:39:42.398Z"}
{"level":"warn","message":"Redis connection closed","service":"unknown","timestamp":"2026-01-02T05:39:42.398Z"}
{"code":"EAI_AGAIN","errno":-3001,"hostname":"redis-srv","level":"error","message":"Redis error: getaddrinfo EAI_AGAIN redis-srv","service":"unknown","stack":"Error: getaddrinfo EAI_AGAIN redis-srv\n    at GetAddrInfoReqWrap.onlookupall [as oncomplete] (node:dns:122:26)","syscall":"getaddrinfo","timestamp":"2026-01-02T05:39:44.400Z"}
{"level":"warn","message":"Redis connection closed","service":"unknown","timestamp":"2026-01-02T05:39:44.400Z"}
{"code":"EAI_AGAIN","errno":-3001,"hostname":"redis-srv","level":"error","message":"Redis error: getaddrinfo EAI_AGAIN redis-srv","service":"unknown","stack":"Error: getaddrinfo EAI_AGAIN redis-srv\n    at GetAddrInfoReqWrap.onlookupall [as oncomplete] (node:dns:122:26)","syscall":"getaddrinfo","timestamp":"2026-01-02T05:39:46.402Z"}
{"level":"warn","message":"Redis connection closed","service":"unknown","timestamp":"2026-01-02T05:39:46.403Z"}
{"code":"EAI_AGAIN","errno":-3001,"hostname":"redis-srv","level":"error","message":"Redis error: getaddrinfo EAI_AGAIN redis-srv","service":"unknown","stack":"Error: getaddrinfo EAI_AGAIN redis-srv\n    at GetAddrInfoReqWrap.onlookupall [as oncomplete] (node:dns:122:26)","syscall":"getaddrinfo","timestamp":"2026-01-02T05:39:48.404Z"}
{"level":"warn","message":"Redis connection closed","service":"unknown","timestamp":"2026-01-02T05:39:48.404Z"}
{"code":"EAI_AGAIN","errno":-3001,"hostname":"redis-srv","level":"error","message":"Redis error: getaddrinfo EAI_AGAIN redis-srv","service":"unknown","stack":"Error: getaddrinfo EAI_AGAIN redis-srv\n    at GetAddrInfoReqWrap.onlookupall [as oncomplete] (node:dns:122:26)","syscall":"getaddrinfo","timestamp":"2026-01-02T05:39:50.407Z"}
{"level":"warn","message":"Redis connection closed","service":"unknown","timestamp":"2026-01-02T05:39:50.407Z"}
{"code":"EAI_AGAIN","errno":-3001,"hostname":"redis-srv","level":"error","message":"Redis error: getaddrinfo EAI_AGAIN redis-srv","service":"unknown","stack":"Error: getaddrinfo EAI_AGAIN redis-srv\n    at GetAddrInfoReqWrap.onlookupall [as oncomplete] (node:dns:122:26)","syscall":"getaddrinfo","timestamp":"2026-01-02T05:39:52.407Z"}
{"level":"warn","message":"Redis connection closed","service":"unknown","timestamp":"2026-01-02T05:39:52.408Z"}
{"code":"EAI_AGAIN","errno":-3001,"hostname":"redis-srv","level":"error","message":"Redis error: getaddrinfo EAI_AGAIN redis-srv","service":"unknown","stack":"Error: getaddrinfo EAI_AGAIN redis-srv\n    at GetAddrInfoReqWrap.onlookupall [as oncomplete] (node:dns:122:26)","syscall":"getaddrinfo","timestamp":"2026-01-02T05:39:54.410Z"}
{"level":"warn","message":"Redis connection closed","service":"unknown","timestamp":"2026-01-02T05:39:54.410Z"}
{"code":"EAI_AGAIN","errno":-3001,"hostname":"redis-srv","level":"error","message":"Redis error: getaddrinfo EAI_AGAIN redis-srv","service":"unknown","stack":"Error: getaddrinfo EAI_AGAIN redis-srv\n    at GetAddrInfoReqWrap.onlookupall [as oncomplete] (node:dns:122:26)","syscall":"getaddrinfo","timestamp":"2026-01-02T05:39:56.412Z"}
{"level":"warn","message":"Redis connection closed","service":"unknown","timestamp":"2026-01-02T05:39:56.412Z"}
{"code":"EAI_AGAIN","errno":-3001,"hostname":"redis-srv","level":"error","message":"Redis error: getaddrinfo EAI_AGAIN redis-srv","service":"unknown","stack":"Error: getaddrinfo EAI_AGAIN redis-srv\n    at GetAddrInfoReqWrap.onlookupall [as oncomplete] (node:dns:122:26)","syscall":"getaddrinfo","timestamp":"2026-01-02T05:39:58.414Z"}
{"level":"warn","message":"Redis connection closed","service":"unknown","timestamp":"2026-01-02T05:39:58.415Z"}
{"code":"EAI_AGAIN","errno":-3001,"hostname":"redis-srv","level":"error","message":"Redis error: getaddrinfo EAI_AGAIN redis-srv","service":"unknown","stack":"Error: getaddrinfo EAI_AGAIN redis-srv\n    at GetAddrInfoReqWrap.onlookupall [as oncomplete] (node:dns:122:26)","syscall":"getaddrinfo","timestamp":"2026-01-02T05:40:00.420Z"}
{"level":"warn","message":"Redis connection closed","service":"unknown","timestamp":"2026-01-02T05:40:00.420Z"}
{"code":"EAI_AGAIN","errno":-3001,"hostname":"redis-srv","level":"error","message":"Redis error: getaddrinfo EAI_AGAIN redis-srv","service":"unknown","stack":"Error: getaddrinfo EAI_AGAIN redis-srv\n    at GetAddrInfoReqWrap.onlookupall [as oncomplete] (node:dns:122:26)","syscall":"getaddrinfo","timestamp":"2026-01-02T05:40:02.420Z"}
{"level":"warn","message":"Redis connection closed","service":"unknown","timestamp":"2026-01-02T05:40:02.421Z"}
{"code":"EAI_AGAIN","errno":-3001,"hostname":"redis-srv","level":"error","message":"Redis error: getaddrinfo EAI_AGAIN redis-srv","service":"unknown","stack":"Error: getaddrinfo EAI_AGAIN redis-srv\n    at GetAddrInfoReqWrap.onlookupall [as oncomplete] (node:dns:122:26)","syscall":"getaddrinfo","timestamp":"2026-01-02T05:40:04.422Z"}
{"level":"warn","message":"Redis connection closed","service":"unknown","timestamp":"2026-01-02T05:40:04.423Z"}
{"code":"EAI_AGAIN","errno":-3001,"hostname":"redis-srv","level":"error","message":"Redis error: getaddrinfo EAI_AGAIN redis-srv","service":"unknown","stack":"Error: getaddrinfo EAI_AGAIN redis-srv\n    at GetAddrInfoReqWrap.onlookupall [as oncomplete] (node:dns:122:26)","syscall":"getaddrinfo","timestamp":"2026-01-02T05:40:06.425Z"}
{"level":"warn","message":"Redis connection closed","service":"unknown","timestamp":"2026-01-02T05:40:06.426Z"}
{"code":"EAI_AGAIN","errno":-3001,"hostname":"redis-srv","level":"error","message":"Redis error: getaddrinfo EAI_AGAIN redis-srv","service":"unknown","stack":"Error: getaddrinfo EAI_AGAIN redis-srv\n    at GetAddrInfoReqWrap.onlookupall [as oncomplete] (node:dns:122:26)","syscall":"getaddrinfo","timestamp":"2026-01-02T05:40:08.427Z"}
{"level":"warn","message":"Redis connection closed","service":"unknown","timestamp":"2026-01-02T05:40:08.427Z"}
{"code":"EAI_AGAIN","errno":-3001,"hostname":"redis-srv","level":"error","message":"Redis error: getaddrinfo EAI_AGAIN redis-srv","service":"unknown","stack":"Error: getaddrinfo EAI_AGAIN redis-srv\n    at GetAddrInfoReqWrap.onlookupall [as oncomplete] (node:dns:122:26)","syscall":"getaddrinfo","timestamp":"2026-01-02T05:40:10.429Z"}
{"level":"warn","message":"Redis connection closed","service":"unknown","timestamp":"2026-01-02T05:40:10.429Z"}
{"code":"EAI_AGAIN","errno":-3001,"hostname":"redis-srv","level":"error","message":"Redis error: getaddrinfo EAI_AGAIN redis-srv","service":"unknown","stack":"Error: getaddrinfo EAI_AGAIN redis-srv\n    at GetAddrInfoReqWrap.onlookupall [as oncomplete] (node:dns:122:26)","syscall":"getaddrinfo","timestamp":"2026-01-02T05:40:12.430Z"}
{"level":"warn","message":"Redis connection closed","service":"unknown","timestamp":"2026-01-02T05:40:12.430Z"}
{"code":"EAI_AGAIN","errno":-3001,"hostname":"redis-srv","level":"error","message":"Redis error: getaddrinfo EAI_AGAIN redis-srv","service":"unknown","stack":"Error: getaddrinfo EAI_AGAIN redis-srv\n    at GetAddrInfoReqWrap.onlookupall [as oncomplete] (node:dns:122:26)","syscall":"getaddrinfo","timestamp":"2026-01-02T05:40:14.432Z"}
{"level":"warn","message":"Redis connection closed","service":"unknown","timestamp":"2026-01-02T05:40:14.433Z"}
{"code":"EAI_AGAIN","errno":-3001,"hostname":"redis-srv","level":"error","message":"Redis error: getaddrinfo EAI_AGAIN redis-srv","service":"unknown","stack":"Error: getaddrinfo EAI_AGAIN redis-srv\n    at GetAddrInfoReqWrap.onlookupall [as oncomplete] (node:dns:122:26)","syscall":"getaddrinfo","timestamp":"2026-01-02T05:40:16.435Z"}
{"level":"warn","message":"Redis connection closed","service":"unknown","timestamp":"2026-01-02T05:40:16.436Z"}
{"code":"EAI_AGAIN","errno":-3001,"hostname":"redis-srv","level":"error","message":"Redis error: getaddrinfo EAI_AGAIN redis-srv","service":"unknown","stack":"Error: getaddrinfo EAI_AGAIN redis-srv\n    at GetAddrInfoReqWrap.onlookupall [as oncomplete] (node:dns:122:26)","syscall":"getaddrinfo","timestamp":"2026-01-02T05:40:18.437Z"}
{"level":"warn","message":"Redis connection closed","service":"unknown","timestamp":"2026-01-02T05:40:18.438Z"}
{"code":"EAI_AGAIN","errno":-3001,"hostname":"redis-srv","level":"error","message":"Redis error: getaddrinfo EAI_AGAIN redis-srv","service":"unknown","stack":"Error: getaddrinfo EAI_AGAIN redis-srv\n    at GetAddrInfoReqWrap.onlookupall [as oncomplete] (node:dns:122:26)","syscall":"getaddrinfo","timestamp":"2026-01-02T05:40:20.441Z"}
{"level":"warn","message":"Redis connection closed","service":"unknown","timestamp":"2026-01-02T05:40:20.441Z"}
{"code":"EAI_AGAIN","errno":-3001,"hostname":"redis-srv","level":"error","message":"Redis error: getaddrinfo EAI_AGAIN redis-srv","service":"unknown","stack":"Error: getaddrinfo EAI_AGAIN redis-srv\n    at GetAddrInfoReqWrap.onlookupall [as oncomplete] (node:dns:122:26)","syscall":"getaddrinfo","timestamp":"2026-01-02T05:40:22.441Z"}
{"level":"warn","message":"Redis connection closed","service":"unknown","timestamp":"2026-01-02T05:40:22.442Z"}
{"code":"EAI_AGAIN","errno":-3001,"hostname":"redis-srv","level":"error","message":"Redis error: getaddrinfo EAI_AGAIN redis-srv","service":"unknown","stack":"Error: getaddrinfo EAI_AGAIN redis-srv\n    at GetAddrInfoReqWrap.onlookupall [as oncomplete] (node:dns:122:26)","syscall":"getaddrinfo","timestamp":"2026-01-02T05:40:24.445Z"}
{"level":"warn","message":"Redis connection closed","service":"unknown","timestamp":"2026-01-02T05:40:24.446Z"}
{"code":"EAI_AGAIN","errno":-3001,"hostname":"redis-srv","level":"error","message":"Redis error: getaddrinfo EAI_AGAIN redis-srv","service":"unknown","stack":"Error: getaddrinfo EAI_AGAIN redis-srv\n    at GetAddrInfoReqWrap.onlookupall [as oncomplete] (node:dns:122:26)","syscall":"getaddrinfo","timestamp":"2026-01-02T05:40:26.448Z"}
{"level":"warn","message":"Redis connection closed","service":"unknown","timestamp":"2026-01-02T05:40:26.449Z"}
{"code":"EAI_AGAIN","errno":-3001,"hostname":"redis-srv","level":"error","message":"Redis error: getaddrinfo EAI_AGAIN redis-srv","service":"unknown","stack":"Error: getaddrinfo EAI_AGAIN redis-srv\n    at GetAddrInfoReqWrap.onlookupall [as oncomplete] (node:dns:122:26)","syscall":"getaddrinfo","timestamp":"2026-01-02T05:40:28.451Z"}
{"level":"warn","message":"Redis connection closed","service":"unknown","timestamp":"2026-01-02T05:40:28.451Z"}
{"code":"EAI_AGAIN","errno":-3001,"hostname":"redis-srv","level":"error","message":"Redis error: getaddrinfo EAI_AGAIN redis-srv","service":"unknown","stack":"Error: getaddrinfo EAI_AGAIN redis-srv\n    at GetAddrInfoReqWrap.onlookupall [as oncomplete] (node:dns:122:26)","syscall":"getaddrinfo","timestamp":"2026-01-02T05:40:30.454Z"}
{"level":"warn","message":"Redis connection closed","service":"unknown","timestamp":"2026-01-02T05:40:30.455Z"}
{"code":"EAI_AGAIN","errno":-3001,"hostname":"redis-srv","level":"error","message":"Redis error: getaddrinfo EAI_AGAIN redis-srv","service":"unknown","stack":"Error: getaddrinfo EAI_AGAIN redis-srv\n    at GetAddrInfoReqWrap.onlookupall [as oncomplete] (node:dns:122:26)","syscall":"getaddrinfo","timestamp":"2026-01-02T05:40:32.456Z"}
{"level":"warn","message":"Redis connection closed","service":"unknown","timestamp":"2026-01-02T05:40:32.457Z"}
{"code":"EAI_AGAIN","errno":-3001,"hostname":"redis-srv","level":"error","message":"Redis error: getaddrinfo EAI_AGAIN redis-srv","service":"unknown","stack":"Error: getaddrinfo EAI_AGAIN redis-srv\n    at GetAddrInfoReqWrap.onlookupall [as oncomplete] (node:dns:122:26)","syscall":"getaddrinfo","timestamp":"2026-01-02T05:40:34.460Z"}
{"level":"warn","message":"Redis connection closed","service":"unknown","timestamp":"2026-01-02T05:40:34.460Z"}
{"code":"EAI_AGAIN","errno":-3001,"hostname":"redis-srv","level":"error","message":"Redis error: getaddrinfo EAI_AGAIN redis-srv","service":"unknown","stack":"Error: getaddrinfo EAI_AGAIN redis-srv\n    at GetAddrInfoReqWrap.onlookupall [as oncomplete] (node:dns:122:26)","syscall":"getaddrinfo","timestamp":"2026-01-02T05:40:36.462Z"}
{"level":"warn","message":"Redis connection closed","service":"unknown","timestamp":"2026-01-02T05:40:36.463Z"}
{"code":"EAI_AGAIN","errno":-3001,"hostname":"redis-srv","level":"error","message":"Redis error: getaddrinfo EAI_AGAIN redis-srv","service":"unknown","stack":"Error: getaddrinfo EAI_AGAIN redis-srv\n    at GetAddrInfoReqWrap.onlookupall [as oncomplete] (node:dns:122:26)","syscall":"getaddrinfo","timestamp":"2026-01-02T05:40:38.464Z"}
{"level":"warn","message":"Redis connection closed","service":"unknown","timestamp":"2026-01-02T05:40:38.464Z"}
{"code":"EAI_AGAIN","errno":-3001,"hostname":"redis-srv","level":"error","message":"Redis error: getaddrinfo EAI_AGAIN redis-srv","service":"unknown","stack":"Error: getaddrinfo EAI_AGAIN redis-srv\n    at GetAddrInfoReqWrap.onlookupall [as oncomplete] (node:dns:122:26)","syscall":"getaddrinfo","timestamp":"2026-01-02T05:40:40.466Z"}
{"level":"warn","message":"Redis connection closed","service":"unknown","timestamp":"2026-01-02T05:40:40.466Z"}
{"code":"EAI_AGAIN","errno":-3001,"hostname":"redis-srv","level":"error","message":"Redis error: getaddrinfo EAI_AGAIN redis-srv","service":"unknown","stack":"Error: getaddrinfo EAI_AGAIN redis-srv\n    at GetAddrInfoReqWrap.onlookupall [as oncomplete] (node:dns:122:26)","syscall":"getaddrinfo","timestamp":"2026-01-02T05:40:42.467Z"}
{"level":"warn","message":"Redis connection closed","service":"unknown","timestamp":"2026-01-02T05:40:42.468Z"}
{"code":"EAI_AGAIN","errno":-3001,"hostname":"redis-srv","level":"error","message":"Redis error: getaddrinfo EAI_AGAIN redis-srv","service":"unknown","stack":"Error: getaddrinfo EAI_AGAIN redis-srv\n    at GetAddrInfoReqWrap.onlookupall [as oncomplete] (node:dns:122:26)","syscall":"getaddrinfo","timestamp":"2026-01-02T05:40:44.469Z"}
{"level":"warn","message":"Redis connection closed","service":"unknown","timestamp":"2026-01-02T05:40:44.469Z"}
{"code":"EAI_AGAIN","errno":-3001,"hostname":"redis-srv","level":"error","message":"Redis error: getaddrinfo EAI_AGAIN redis-srv","service":"unknown","stack":"Error: getaddrinfo EAI_AGAIN redis-srv\n    at GetAddrInfoReqWrap.onlookupall [as oncomplete] (node:dns:122:26)","syscall":"getaddrinfo","timestamp":"2026-01-02T05:40:46.472Z"}
{"level":"warn","message":"Redis connection closed","service":"unknown","timestamp":"2026-01-02T05:40:46.472Z"}
{"code":"EAI_AGAIN","errno":-3001,"hostname":"redis-srv","level":"error","message":"Redis error: getaddrinfo EAI_AGAIN redis-srv","service":"unknown","stack":"Error: getaddrinfo EAI_AGAIN redis-srv\n    at GetAddrInfoReqWrap.onlookupall [as oncomplete] (node:dns:122:26)","syscall":"getaddrinfo","timestamp":"2026-01-02T05:40:48.475Z"}
{"level":"warn","message":"Redis connection closed","service":"unknown","timestamp":"2026-01-02T05:40:48.476Z"}
{"code":"EAI_AGAIN","errno":-3001,"hostname":"redis-srv","level":"error","message":"Redis error: getaddrinfo EAI_AGAIN redis-srv","service":"unknown","stack":"Error: getaddrinfo EAI_AGAIN redis-srv\n    at GetAddrInfoReqWrap.onlookupall [as oncomplete] (node:dns:122:26)","syscall":"getaddrinfo","timestamp":"2026-01-02T05:40:50.478Z"}
{"level":"warn","message":"Redis connection closed","service":"unknown","timestamp":"2026-01-02T05:40:50.478Z"}
{"code":"EAI_AGAIN","errno":-3001,"hostname":"redis-srv","level":"error","message":"Redis error: getaddrinfo EAI_AGAIN redis-srv","service":"unknown","stack":"Error: getaddrinfo EAI_AGAIN redis-srv\n    at GetAddrInfoReqWrap.onlookupall [as oncomplete] (node:dns:122:26)","syscall":"getaddrinfo","timestamp":"2026-01-02T05:40:52.478Z"}
{"level":"warn","message":"Redis connection closed","service":"unknown","timestamp":"2026-01-02T05:40:52.479Z"}
{"code":"EAI_AGAIN","errno":-3001,"hostname":"redis-srv","level":"error","message":"Redis error: getaddrinfo EAI_AGAIN redis-srv","service":"unknown","stack":"Error: getaddrinfo EAI_AGAIN redis-srv\n    at GetAddrInfoReqWrap.onlookupall [as oncomplete] (node:dns:122:26)","syscall":"getaddrinfo","timestamp":"2026-01-02T05:40:54.481Z"}
{"level":"warn","message":"Redis connection closed","service":"unknown","timestamp":"2026-01-02T05:40:54.482Z"}
{"code":"EAI_AGAIN","errno":-3001,"hostname":"redis-srv","level":"error","message":"Redis error: getaddrinfo EAI_AGAIN redis-srv","service":"unknown","stack":"Error: getaddrinfo EAI_AGAIN redis-srv\n    at GetAddrInfoReqWrap.onlookupall [as oncomplete] (node:dns:122:26)","syscall":"getaddrinfo","timestamp":"2026-01-02T05:40:56.484Z"}
{"level":"warn","message":"Redis connection closed","service":"unknown","timestamp":"2026-01-02T05:40:56.485Z"}
{"code":"EAI_AGAIN","errno":-3001,"hostname":"redis-srv","level":"error","message":"Redis error: getaddrinfo EAI_AGAIN redis-srv","service":"unknown","stack":"Error: getaddrinfo EAI_AGAIN redis-srv\n    at GetAddrInfoReqWrap.onlookupall [as oncomplete] (node:dns:122:26)","syscall":"getaddrinfo","timestamp":"2026-01-02T05:40:58.487Z"}
{"level":"warn","message":"Redis connection closed","service":"unknown","timestamp":"2026-01-02T05:40:58.487Z"}
{"address":"127.0.0.1","code":"ECONNREFUSED","errno":-111,"level":"error","message":"Redis error: connect ECONNREFUSED 127.0.0.1:6379","port":6379,"service":"unknown","stack":"Error: connect ECONNREFUSED 127.0.0.1:6379\n    at TCPConnectWrap.afterConnect [as oncomplete] (node:net:1637:16)","syscall":"connect","timestamp":"2026-01-02T05:41:01.660Z"}
{"level":"warn","message":"Redis connection closed","service":"unknown","timestamp":"2026-01-02T05:41:01.662Z"}
{"address":"127.0.0.1","code":"ECONNREFUSED","errno":-111,"level":"error","message":"Redis error: connect ECONNREFUSED 127.0.0.1:6379","port":6379,"service":"unknown","stack":"Error: connect ECONNREFUSED 127.0.0.1:6379\n    at TCPConnectWrap.afterConnect [as oncomplete] (node:net:1637:16)","syscall":"connect","timestamp":"2026-01-02T05:41:01.712Z"}
{"level":"warn","message":"Redis connection closed","service":"unknown","timestamp":"2026-01-02T05:41:01.713Z"}
{"address":"127.0.0.1","code":"ECONNREFUSED","errno":-111,"level":"error","message":"Redis error: connect ECONNREFUSED 127.0.0.1:6379","port":6379,"service":"unknown","stack":"Error: connect ECONNREFUSED 127.0.0.1:6379\n    at TCPConnectWrap.afterConnect [as oncomplete] (node:net:1637:16)","syscall":"connect","timestamp":"2026-01-02T05:41:01.815Z"}
{"level":"warn","message":"Redis connection closed","service":"unknown","timestamp":"2026-01-02T05:41:01.816Z"}
{"address":"127.0.0.1","code":"ECONNREFUSED","errno":-111,"level":"error","message":"Redis error: connect ECONNREFUSED 127.0.0.1:6379","port":6379,"service":"unknown","stack":"Error: connect ECONNREFUSED 127.0.0.1:6379\n    at TCPConnectWrap.afterConnect [as oncomplete] (node:net:1637:16)","syscall":"connect","timestamp":"2026-01-02T05:41:01.967Z"}
{"level":"warn","message":"Redis connection closed","service":"unknown","timestamp":"2026-01-02T05:41:01.968Z"}
{"address":"127.0.0.1","code":"ECONNREFUSED","errno":-111,"level":"error","message":"Redis error: connect ECONNREFUSED 127.0.0.1:6379","port":6379,"service":"unknown","stack":"Error: connect ECONNREFUSED 127.0.0.1:6379\n    at TCPConnectWrap.afterConnect [as oncomplete] (node:net:1637:16)","syscall":"connect","timestamp":"2026-01-02T05:41:02.169Z"}
{"level":"warn","message":"Redis connection closed","service":"unknown","timestamp":"2026-01-02T05:41:02.171Z"}
{"address":"127.0.0.1","code":"ECONNREFUSED","errno":-111,"level":"error","message":"Redis error: connect ECONNREFUSED 127.0.0.1:6379","port":6379,"service":"unknown","stack":"Error: connect ECONNREFUSED 127.0.0.1:6379\n    at TCPConnectWrap.afterConnect [as oncomplete] (node:net:1637:16)","syscall":"connect","timestamp":"2026-01-02T05:41:02.421Z"}
{"level":"warn","message":"Redis connection closed","service":"unknown","timestamp":"2026-01-02T05:41:02.421Z"}
{"address":"127.0.0.1","code":"ECONNREFUSED","errno":-111,"level":"error","message":"Redis error: connect ECONNREFUSED 127.0.0.1:6379","port":6379,"service":"unknown","stack":"Error: connect ECONNREFUSED 127.0.0.1:6379\n    at TCPConnectWrap.afterConnect [as oncomplete] (node:net:1637:16)","syscall":"connect","timestamp":"2026-01-02T05:41:02.723Z"}
{"level":"warn","message":"Redis connection closed","service":"unknown","timestamp":"2026-01-02T05:41:02.724Z"}
{"address":"127.0.0.1","code":"ECONNREFUSED","errno":-111,"level":"error","message":"Redis error: connect ECONNREFUSED 127.0.0.1:6379","port":6379,"service":"unknown","stack":"Error: connect ECONNREFUSED 127.0.0.1:6379\n    at TCPConnectWrap.afterConnect [as oncomplete] (node:net:1637:16)","syscall":"connect","timestamp":"2026-01-02T05:41:03.075Z"}
{"level":"warn","message":"Redis connection closed","service":"unknown","timestamp":"2026-01-02T05:41:03.076Z"}
{"address":"127.0.0.1","code":"ECONNREFUSED","errno":-111,"level":"error","message":"Redis error: connect ECONNREFUSED 127.0.0.1:6379","port":6379,"service":"unknown","stack":"Error: connect ECONNREFUSED 127.0.0.1:6379\n    at TCPConnectWrap.afterConnect [as oncomplete] (node:net:1637:16)","syscall":"connect","timestamp":"2026-01-02T05:41:03.479Z"}
{"level":"warn","message":"Redis connection closed","service":"unknown","timestamp":"2026-01-02T05:41:03.480Z"}
{"address":"127.0.0.1","code":"ECONNREFUSED","errno":-111,"level":"error","message":"Redis error: connect ECONNREFUSED 127.0.0.1:6379","port":6379,"service":"unknown","stack":"Error: connect ECONNREFUSED 127.0.0.1:6379\n    at TCPConnectWrap.afterConnect [as oncomplete] (node:net:1637:16)","syscall":"connect","timestamp":"2026-01-02T05:41:26.120Z"}
{"level":"warn","message":"Redis connection closed","service":"unknown","timestamp":"2026-01-02T05:41:26.122Z"}
{"address":"127.0.0.1","code":"ECONNREFUSED","errno":-111,"level":"error","message":"Redis error: connect ECONNREFUSED 127.0.0.1:6379","port":6379,"service":"unknown","stack":"Error: connect ECONNREFUSED 127.0.0.1:6379\n    at TCPConnectWrap.afterConnect [as oncomplete] (node:net:1637:16)","syscall":"connect","timestamp":"2026-01-02T05:41:26.173Z"}
{"level":"warn","message":"Redis connection closed","service":"unknown","timestamp":"2026-01-02T05:41:26.175Z"}
{"address":"127.0.0.1","code":"ECONNREFUSED","errno":-111,"level":"error","message":"Redis error: connect ECONNREFUSED 127.0.0.1:6379","port":6379,"service":"unknown","stack":"Error: connect ECONNREFUSED 127.0.0.1:6379\n    at TCPConnectWrap.afterConnect [as oncomplete] (node:net:1637:16)","syscall":"connect","timestamp":"2026-01-02T05:41:26.277Z"}
{"level":"warn","message":"Redis connection closed","service":"unknown","timestamp":"2026-01-02T05:41:26.278Z"}
{"address":"127.0.0.1","code":"ECONNREFUSED","errno":-111,"level":"error","message":"Redis error: connect ECONNREFUSED 127.0.0.1:6379","port":6379,"service":"unknown","stack":"Error: connect ECONNREFUSED 127.0.0.1:6379\n    at TCPConnectWrap.afterConnect [as oncomplete] (node:net:1637:16)","syscall":"connect","timestamp":"2026-01-02T05:41:26.429Z"}
{"level":"warn","message":"Redis connection closed","service":"unknown","timestamp":"2026-01-02T05:41:26.430Z"}
{"address":"127.0.0.1","code":"ECONNREFUSED","errno":-111,"level":"error","message":"Redis error: connect ECONNREFUSED 127.0.0.1:6379","port":6379,"service":"unknown","stack":"Error: connect ECONNREFUSED 127.0.0.1:6379\n    at TCPConnectWrap.afterConnect [as oncomplete] (node:net:1637:16)","syscall":"connect","timestamp":"2026-01-02T05:41:26.630Z"}
{"level":"warn","message":"Redis connection closed","service":"unknown","timestamp":"2026-01-02T05:41:26.631Z"}
{"address":"127.0.0.1","code":"ECONNREFUSED","errno":-111,"level":"error","message":"Redis error: connect ECONNREFUSED 127.0.0.1:6379","port":6379,"service":"unknown","stack":"Error: connect ECONNREFUSED 127.0.0.1:6379\n    at TCPConnectWrap.afterConnect [as oncomplete] (node:net:1637:16)","syscall":"connect","timestamp":"2026-01-02T05:41:26.883Z"}
{"level":"warn","message":"Redis connection closed","service":"unknown","timestamp":"2026-01-02T05:41:26.884Z"}
{"address":"127.0.0.1","code":"ECONNREFUSED","errno":-111,"level":"error","message":"Redis error: connect ECONNREFUSED 127.0.0.1:6379","port":6379,"service":"unknown","stack":"Error: connect ECONNREFUSED 127.0.0.1:6379\n    at TCPConnectWrap.afterConnect [as oncomplete] (node:net:1637:16)","syscall":"connect","timestamp":"2026-01-02T05:41:27.186Z"}
{"level":"warn","message":"Redis connection closed","service":"unknown","timestamp":"2026-01-02T05:41:27.187Z"}
{"address":"127.0.0.1","code":"ECONNREFUSED","errno":-111,"level":"error","message":"Redis error: connect ECONNREFUSED 127.0.0.1:6379","port":6379,"service":"unknown","stack":"Error: connect ECONNREFUSED 127.0.0.1:6379\n    at TCPConnectWrap.afterConnect [as oncomplete] (node:net:1637:16)","syscall":"connect","timestamp":"2026-01-02T05:41:27.538Z"}
{"level":"warn","message":"Redis connection closed","service":"unknown","timestamp":"2026-01-02T05:41:27.538Z"}
{"address":"127.0.0.1","code":"ECONNREFUSED","errno":-111,"level":"error","message":"Redis error: connect ECONNREFUSED 127.0.0.1:6379","port":6379,"service":"unknown","stack":"Error: connect ECONNREFUSED 127.0.0.1:6379\n    at TCPConnectWrap.afterConnect [as oncomplete] (node:net:1637:16)","syscall":"connect","timestamp":"2026-01-02T05:41:27.940Z"}
{"level":"warn","message":"Redis connection closed","service":"unknown","timestamp":"2026-01-02T05:41:27.941Z"}
{"address":"127.0.0.1","code":"ECONNREFUSED","errno":-111,"level":"error","message":"Redis error: connect ECONNREFUSED 127.0.0.1:6379","port":6379,"service":"unknown","stack":"Error: connect ECONNREFUSED 127.0.0.1:6379\n    at TCPConnectWrap.afterConnect [as oncomplete] (node:net:1637:16)","syscall":"connect","timestamp":"2026-01-02T05:41:28.392Z"}
{"level":"warn","message":"Redis connection closed","service":"unknown","timestamp":"2026-01-02T05:41:28.392Z"}
{"address":"127.0.0.1","code":"ECONNREFUSED","errno":-111,"level":"error","message":"Redis error: connect ECONNREFUSED 127.0.0.1:6379","port":6379,"service":"unknown","stack":"Error: connect ECONNREFUSED 127.0.0.1:6379\n    at TCPConnectWrap.afterConnect [as oncomplete] (node:net:1637:16)","syscall":"connect","timestamp":"2026-01-02T05:41:28.893Z"}
{"level":"warn","message":"Redis connection closed","service":"unknown","timestamp":"2026-01-02T05:41:28.893Z"}
{"address":"127.0.0.1","code":"ECONNREFUSED","errno":-111,"level":"error","message":"Redis error: connect ECONNREFUSED 127.0.0.1:6379","port":6379,"service":"unknown","stack":"Error: connect ECONNREFUSED 127.0.0.1:6379\n    at TCPConnectWrap.afterConnect [as oncomplete] (node:net:1637:16)","syscall":"connect","timestamp":"2026-01-02T05:41:29.444Z"}
{"level":"warn","message":"Redis connection closed","service":"unknown","timestamp":"2026-01-02T05:41:29.444Z"}
{"address":"127.0.0.1","code":"ECONNREFUSED","errno":-111,"level":"error","message":"Redis error: connect ECONNREFUSED 127.0.0.1:6379","port":6379,"service":"unknown","stack":"Error: connect ECONNREFUSED 127.0.0.1:6379\n    at TCPConnectWrap.afterConnect [as oncomplete] (node:net:1637:16)","syscall":"connect","timestamp":"2026-01-02T05:42:07.314Z"}
{"level":"warn","message":"Redis connection closed","service":"unknown","timestamp":"2026-01-02T05:42:07.316Z"}
{"address":"127.0.0.1","code":"ECONNREFUSED","errno":-111,"level":"error","message":"Redis error: connect ECONNREFUSED 127.0.0.1:6379","port":6379,"service":"unknown","stack":"Error: connect ECONNREFUSED 127.0.0.1:6379\n    at TCPConnectWrap.afterConnect [as oncomplete] (node:net:1637:16)","syscall":"connect","timestamp":"2026-01-02T05:42:07.368Z"}
{"level":"warn","message":"Redis connection closed","service":"unknown","timestamp":"2026-01-02T05:42:07.370Z"}
{"address":"127.0.0.1","code":"ECONNREFUSED","errno":-111,"level":"error","message":"Redis error: connect ECONNREFUSED 127.0.0.1:6379","port":6379,"service":"unknown","stack":"Error: connect ECONNREFUSED 127.0.0.1:6379\n    at TCPConnectWrap.afterConnect [as oncomplete] (node:net:1637:16)","syscall":"connect","timestamp":"2026-01-02T05:42:07.471Z"}
{"level":"warn","message":"Redis connection closed","service":"unknown","timestamp":"2026-01-02T05:42:07.473Z"}
{"address":"127.0.0.1","code":"ECONNREFUSED","errno":-111,"level":"error","message":"Redis error: connect ECONNREFUSED 127.0.0.1:6379","port":6379,"service":"unknown","stack":"Error: connect ECONNREFUSED 127.0.0.1:6379\n    at TCPConnectWrap.afterConnect [as oncomplete] (node:net:1637:16)","syscall":"connect","timestamp":"2026-01-02T05:42:07.623Z"}
{"level":"warn","message":"Redis connection closed","service":"unknown","timestamp":"2026-01-02T05:42:07.624Z"}
{"address":"127.0.0.1","code":"ECONNREFUSED","errno":-111,"level":"error","message":"Redis error: connect ECONNREFUSED 127.0.0.1:6379","port":6379,"service":"unknown","stack":"Error: connect ECONNREFUSED 127.0.0.1:6379\n    at TCPConnectWrap.afterConnect [as oncomplete] (node:net:1637:16)","syscall":"connect","timestamp":"2026-01-02T05:42:07.825Z"}
{"level":"warn","message":"Redis connection closed","service":"unknown","timestamp":"2026-01-02T05:42:07.826Z"}
{"address":"127.0.0.1","code":"ECONNREFUSED","errno":-111,"level":"error","message":"Redis error: connect ECONNREFUSED 127.0.0.1:6379","port":6379,"service":"unknown","stack":"Error: connect ECONNREFUSED 127.0.0.1:6379\n    at TCPConnectWrap.afterConnect [as oncomplete] (node:net:1637:16)","syscall":"connect","timestamp":"2026-01-02T05:42:08.078Z"}
{"level":"warn","message":"Redis connection closed","service":"unknown","timestamp":"2026-01-02T05:42:08.079Z"}
{"address":"127.0.0.1","code":"ECONNREFUSED","errno":-111,"level":"error","message":"Redis error: connect ECONNREFUSED 127.0.0.1:6379","port":6379,"service":"unknown","stack":"Error: connect ECONNREFUSED 127.0.0.1:6379\n    at TCPConnectWrap.afterConnect [as oncomplete] (node:net:1637:16)","syscall":"connect","timestamp":"2026-01-02T05:42:08.380Z"}
{"level":"warn","message":"Redis connection closed","service":"unknown","timestamp":"2026-01-02T05:42:08.380Z"}
{"address":"127.0.0.1","code":"ECONNREFUSED","errno":-111,"level":"error","message":"Redis error: connect ECONNREFUSED 127.0.0.1:6379","port":6379,"service":"unknown","stack":"Error: connect ECONNREFUSED 127.0.0.1:6379\n    at TCPConnectWrap.afterConnect [as oncomplete] (node:net:1637:16)","syscall":"connect","timestamp":"2026-01-02T05:42:08.731Z"}
{"level":"warn","message":"Redis connection closed","service":"unknown","timestamp":"2026-01-02T05:42:08.731Z"}
{"address":"127.0.0.1","code":"ECONNREFUSED","errno":-111,"level":"error","message":"Redis error: connect ECONNREFUSED 127.0.0.1:6379","port":6379,"service":"unknown","stack":"Error: connect ECONNREFUSED 127.0.0.1:6379\n    at TCPConnectWrap.afterConnect [as oncomplete] (node:net:1637:16)","syscall":"connect","timestamp":"2026-01-02T05:42:09.132Z"}
{"level":"warn","message":"Redis connection closed","service":"unknown","timestamp":"2026-01-02T05:42:09.132Z"}
{"address":"127.0.0.1","code":"ECONNREFUSED","errno":-111,"level":"error","message":"Redis error: connect ECONNREFUSED 127.0.0.1:6379","port":6379,"service":"unknown","stack":"Error: connect ECONNREFUSED 127.0.0.1:6379\n    at TCPConnectWrap.afterConnect [as oncomplete] (node:net:1637:16)","syscall":"connect","timestamp":"2026-01-02T05:42:09.583Z"}
{"level":"warn","message":"Redis connection closed","service":"unknown","timestamp":"2026-01-02T05:42:09.584Z"}
{"address":"127.0.0.1","code":"ECONNREFUSED","errno":-111,"level":"error","message":"Redis error: connect ECONNREFUSED 127.0.0.1:6379","port":6379,"service":"unknown","stack":"Error: connect ECONNREFUSED 127.0.0.1:6379\n    at TCPConnectWrap.afterConnect [as oncomplete] (node:net:1637:16)","syscall":"connect","timestamp":"2026-01-02T05:42:10.085Z"}
{"level":"warn","message":"Redis connection closed","service":"unknown","timestamp":"2026-01-02T05:42:10.086Z"}
{"address":"127.0.0.1","code":"ECONNREFUSED","errno":-111,"level":"error","message":"Redis error: connect ECONNREFUSED 127.0.0.1:6379","port":6379,"service":"unknown","stack":"Error: connect ECONNREFUSED 127.0.0.1:6379\n    at TCPConnectWrap.afterConnect [as oncomplete] (node:net:1637:16)","syscall":"connect","timestamp":"2026-01-02T05:42:10.637Z"}
{"level":"warn","message":"Redis connection closed","service":"unknown","timestamp":"2026-01-02T05:42:10.637Z"}
{"address":"127.0.0.1","code":"ECONNREFUSED","errno":-111,"level":"error","message":"Redis error: connect ECONNREFUSED 127.0.0.1:6379","port":6379,"service":"unknown","stack":"Error: connect ECONNREFUSED 127.0.0.1:6379\n    at TCPConnectWrap.afterConnect [as oncomplete] (node:net:1637:16)","syscall":"connect","timestamp":"2026-01-02T05:42:11.239Z"}
{"level":"warn","message":"Redis connection closed","service":"unknown","timestamp":"2026-01-02T05:42:11.239Z"}
{"address":"127.0.0.1","code":"ECONNREFUSED","errno":-111,"level":"error","message":"Redis error: connect ECONNREFUSED 127.0.0.1:6379","port":6379,"service":"unknown","stack":"Error: connect ECONNREFUSED 127.0.0.1:6379\n    at TCPConnectWrap.afterConnect [as oncomplete] (node:net:1637:16)","syscall":"connect","timestamp":"2026-01-02T05:42:11.890Z"}
{"level":"warn","message":"Redis connection closed","service":"unknown","timestamp":"2026-01-02T05:42:11.890Z"}
{"address":"127.0.0.1","code":"ECONNREFUSED","errno":-111,"level":"error","message":"Redis error: connect ECONNREFUSED 127.0.0.1:6379","port":6379,"service":"unknown","stack":"Error: connect ECONNREFUSED 127.0.0.1:6379\n    at TCPConnectWrap.afterConnect [as oncomplete] (node:net:1637:16)","syscall":"connect","timestamp":"2026-01-02T05:42:12.591Z"}
{"level":"warn","message":"Redis connection closed","service":"unknown","timestamp":"2026-01-02T05:42:12.591Z"}
{"address":"127.0.0.1","code":"ECONNREFUSED","errno":-111,"level":"error","message":"Redis error: connect ECONNREFUSED 127.0.0.1:6379","port":6379,"service":"unknown","stack":"Error: connect ECONNREFUSED 127.0.0.1:6379\n    at TCPConnectWrap.afterConnect [as oncomplete] (node:net:1637:16)","syscall":"connect","timestamp":"2026-01-02T05:42:13.342Z"}
{"level":"warn","message":"Redis connection closed","service":"unknown","timestamp":"2026-01-02T05:42:13.342Z"}
{"address":"127.0.0.1","code":"ECONNREFUSED","errno":-111,"level":"error","message":"Redis error: connect ECONNREFUSED 127.0.0.1:6379","port":6379,"service":"unknown","stack":"Error: connect ECONNREFUSED 127.0.0.1:6379\n    at TCPConnectWrap.afterConnect [as oncomplete] (node:net:1637:16)","syscall":"connect","timestamp":"2026-01-02T05:42:14.142Z"}
{"level":"warn","message":"Redis connection closed","service":"unknown","timestamp":"2026-01-02T05:42:14.143Z"}
{"address":"127.0.0.1","code":"ECONNREFUSED","errno":-111,"level":"error","message":"Redis error: connect ECONNREFUSED 127.0.0.1:6379","port":6379,"service":"unknown","stack":"Error: connect ECONNREFUSED 127.0.0.1:6379\n    at TCPConnectWrap.afterConnect [as oncomplete] (node:net:1637:16)","syscall":"connect","timestamp":"2026-01-02T05:42:14.994Z"}
{"level":"warn","message":"Redis connection closed","service":"unknown","timestamp":"2026-01-02T05:42:14.994Z"}
{"address":"127.0.0.1","code":"ECONNREFUSED","errno":-111,"level":"error","message":"Redis error: connect ECONNREFUSED 127.0.0.1:6379","port":6379,"service":"unknown","stack":"Error: connect ECONNREFUSED 127.0.0.1:6379\n    at TCPConnectWrap.afterConnect [as oncomplete] (node:net:1637:16)","syscall":"connect","timestamp":"2026-01-02T05:42:15.895Z"}
{"level":"warn","message":"Redis connection closed","service":"unknown","timestamp":"2026-01-02T05:42:15.895Z"}
{"address":"127.0.0.1","code":"ECONNREFUSED","errno":-111,"level":"error","message":"Redis error: connect ECONNREFUSED 127.0.0.1:6379","port":6379,"service":"unknown","stack":"Error: connect ECONNREFUSED 127.0.0.1:6379\n    at TCPConnectWrap.afterConnect [as oncomplete] (node:net:1637:16)","syscall":"connect","timestamp":"2026-01-02T05:43:17.235Z"}
{"level":"warn","message":"Redis connection closed","service":"unknown","timestamp":"2026-01-02T05:43:17.238Z"}
{"address":"127.0.0.1","code":"ECONNREFUSED","errno":-111,"level":"error","message":"Redis error: connect ECONNREFUSED 127.0.0.1:6379","port":6379,"service":"unknown","stack":"Error: connect ECONNREFUSED 127.0.0.1:6379\n    at TCPConnectWrap.afterConnect [as oncomplete] (node:net:1637:16)","syscall":"connect","timestamp":"2026-01-02T05:43:17.289Z"}
{"level":"warn","message":"Redis connection closed","service":"unknown","timestamp":"2026-01-02T05:43:17.291Z"}
{"address":"127.0.0.1","code":"ECONNREFUSED","errno":-111,"level":"error","message":"Redis error: connect ECONNREFUSED 127.0.0.1:6379","port":6379,"service":"unknown","stack":"Error: connect ECONNREFUSED 127.0.0.1:6379\n    at TCPConnectWrap.afterConnect [as oncomplete] (node:net:1637:16)","syscall":"connect","timestamp":"2026-01-02T05:43:17.392Z"}
{"level":"warn","message":"Redis connection closed","service":"unknown","timestamp":"2026-01-02T05:43:17.393Z"}
{"address":"127.0.0.1","code":"ECONNREFUSED","errno":-111,"level":"error","message":"Redis error: connect ECONNREFUSED 127.0.0.1:6379","port":6379,"service":"unknown","stack":"Error: connect ECONNREFUSED 127.0.0.1:6379\n    at TCPConnectWrap.afterConnect [as oncomplete] (node:net:1637:16)","syscall":"connect","timestamp":"2026-01-02T05:43:17.544Z"}
{"level":"warn","message":"Redis connection closed","service":"unknown","timestamp":"2026-01-02T05:43:17.545Z"}
{"address":"127.0.0.1","code":"ECONNREFUSED","errno":-111,"level":"error","message":"Redis error: connect ECONNREFUSED 127.0.0.1:6379","port":6379,"service":"unknown","stack":"Error: connect ECONNREFUSED 127.0.0.1:6379\n    at TCPConnectWrap.afterConnect [as oncomplete] (node:net:1637:16)","syscall":"connect","timestamp":"2026-01-02T05:43:17.746Z"}
{"level":"warn","message":"Redis connection closed","service":"unknown","timestamp":"2026-01-02T05:43:17.747Z"}
{"address":"127.0.0.1","code":"ECONNREFUSED","errno":-111,"level":"error","message":"Redis error: connect ECONNREFUSED 127.0.0.1:6379","port":6379,"service":"unknown","stack":"Error: connect ECONNREFUSED 127.0.0.1:6379\n    at TCPConnectWrap.afterConnect [as oncomplete] (node:net:1637:16)","syscall":"connect","timestamp":"2026-01-02T05:43:18.000Z"}
{"level":"warn","message":"Redis connection closed","service":"unknown","timestamp":"2026-01-02T05:43:18.000Z"}
{"address":"127.0.0.1","code":"ECONNREFUSED","errno":-111,"level":"error","message":"Redis error: connect ECONNREFUSED 127.0.0.1:6379","port":6379,"service":"unknown","stack":"Error: connect ECONNREFUSED 127.0.0.1:6379\n    at TCPConnectWrap.afterConnect [as oncomplete] (node:net:1637:16)","syscall":"connect","timestamp":"2026-01-02T05:43:18.301Z"}
{"level":"warn","message":"Redis connection closed","service":"unknown","timestamp":"2026-01-02T05:43:18.302Z"}
{"address":"127.0.0.1","code":"ECONNREFUSED","errno":-111,"level":"error","message":"Redis error: connect ECONNREFUSED 127.0.0.1:6379","port":6379,"service":"unknown","stack":"Error: connect ECONNREFUSED 127.0.0.1:6379\n    at TCPConnectWrap.afterConnect [as oncomplete] (node:net:1637:16)","syscall":"connect","timestamp":"2026-01-02T05:43:18.653Z"}
{"level":"warn","message":"Redis connection closed","service":"unknown","timestamp":"2026-01-02T05:43:18.654Z"}
{"address":"127.0.0.1","code":"ECONNREFUSED","errno":-111,"level":"error","message":"Redis error: connect ECONNREFUSED 127.0.0.1:6379","port":6379,"service":"unknown","stack":"Error: connect ECONNREFUSED 127.0.0.1:6379\n    at TCPConnectWrap.afterConnect [as oncomplete] (node:net:1637:16)","syscall":"connect","timestamp":"2026-01-02T05:43:19.056Z"}
{"level":"warn","message":"Redis connection closed","service":"unknown","timestamp":"2026-01-02T05:43:19.057Z"}
{"address":"127.0.0.1","code":"ECONNREFUSED","errno":-111,"level":"error","message":"Redis error: connect ECONNREFUSED 127.0.0.1:6379","port":6379,"service":"unknown","stack":"Error: connect ECONNREFUSED 127.0.0.1:6379\n    at TCPConnectWrap.afterConnect [as oncomplete] (node:net:1637:16)","syscall":"connect","timestamp":"2026-01-02T05:43:19.509Z"}
{"level":"warn","message":"Redis connection closed","service":"unknown","timestamp":"2026-01-02T05:43:19.509Z"}
{"level":"info","message":"Redis connected successfully","service":"unknown","timestamp":"2026-01-02T05:45:05.241Z"}
{"level":"info","message":"Redis ready to accept commands","service":"unknown","timestamp":"2026-01-02T05:45:05.248Z"}
{"level":"info","message":"Redis initialization complete","service":"unknown","timestamp":"2026-01-02T05:45:05.249Z"}
{"level":"info","message":"API Gateway listening on port 3000","service":"unknown","timestamp":"2026-01-02T05:45:05.252Z"}
